[2018-07-26 11:02:06] java.util.concurrent.ExecutionException: java.net.ConnectException: Connection timed out: connect
	at java.util.concurrent.FutureTask.report(Unknown Source)
	at java.util.concurrent.FutureTask.get(Unknown Source)
	at javax.swing.SwingWorker.get(Unknown Source)
	at de.bnware.rfid.ui.MainFrame$ConnectWorker.done(MainFrame.java:421)
	at javax.swing.SwingWorker$5.run(Unknown Source)
	at javax.swing.SwingWorker$DoSubmitAccumulativeRunnable.run(Unknown Source)
	at sun.swing.AccumulativeRunnable.run(Unknown Source)
	at javax.swing.SwingWorker$DoSubmitAccumulativeRunnable.actionPerformed(Unknown Source)
	at javax.swing.Timer.fireActionPerformed(Unknown Source)
	at javax.swing.Timer$DoPostEvent.run(Unknown Source)
	at java.awt.event.InvocationEvent.dispatch(Unknown Source)
	at java.awt.EventQueue.dispatchEventImpl(Unknown Source)
	at java.awt.EventQueue.access$500(Unknown Source)
	at java.awt.EventQueue$3.run(Unknown Source)
	at java.awt.EventQueue$3.run(Unknown Source)
	at java.security.AccessController.doPrivileged(Native Method)
	at java.security.ProtectionDomain$JavaSecurityAccessImpl.doIntersectionPrivilege(Unknown Source)
	at java.awt.EventQueue.dispatchEvent(Unknown Source)
	at java.awt.EventDispatchThread.pumpOneEventForFilters(Unknown Source)
	at java.awt.EventDispatchThread.pumpEventsForFilter(Unknown Source)
	at java.awt.EventDispatchThread.pumpEventsForHierarchy(Unknown Source)
	at java.awt.EventDispatchThread.pumpEvents(Unknown Source)
	at java.awt.EventDispatchThread.pumpEvents(Unknown Source)
	at java.awt.EventDispatchThread.run(Unknown Source)
Caused by: java.net.ConnectException: Connection timed out: connect
	at java.net.DualStackPlainSocketImpl.connect0(Native Method)
	at java.net.DualStackPlainSocketImpl.socketConnect(Unknown Source)
	at java.net.AbstractPlainSocketImpl.doConnect(Unknown Source)
	at java.net.AbstractPlainSocketImpl.connectToAddress(Unknown Source)
	at java.net.AbstractPlainSocketImpl.connect(Unknown Source)
	at java.net.PlainSocketImpl.connect(Unknown Source)
	at java.net.SocksSocketImpl.connect(Unknown Source)
	at java.net.Socket.connect(Unknown Source)
	at java.net.Socket.connect(Unknown Source)
	at java.net.Socket.<init>(Unknown Source)
	at java.net.Socket.<init>(Unknown Source)
	at de.bnware.rfid.service.ConnectionService.<init>(ConnectionService.java:27)
	at de.bnware.rfid.service.ConnectionService.connect(ConnectionService.java:39)
	at de.bnware.rfid.ui.MainFrame$ConnectWorker.doInBackground(MainFrame.java:414)
	at de.bnware.rfid.ui.MainFrame$ConnectWorker.doInBackground(MainFrame.java:404)
	at javax.swing.SwingWorker$1.call(Unknown Source)
	at java.util.concurrent.FutureTask.run(Unknown Source)
	at javax.swing.SwingWorker.run(Unknown Source)
	at java.util.concurrent.ThreadPoolExecutor.runWorker(Unknown Source)
	at java.util.concurrent.ThreadPoolExecutor$Worker.run(Unknown Source)
	at java.lang.Thread.run(Unknown Source)
[2018-07-26 11:11:26] java.util.concurrent.ExecutionException: java.net.ConnectException: Connection timed out: connect
	at java.util.concurrent.FutureTask.report(Unknown Source)
	at java.util.concurrent.FutureTask.get(Unknown Source)
	at javax.swing.SwingWorker.get(Unknown Source)
	at de.bnware.rfid.ui.MainFrame$ConnectWorker.done(MainFrame.java:421)
	at javax.swing.SwingWorker$5.run(Unknown Source)
	at javax.swing.SwingWorker$DoSubmitAccumulativeRunnable.run(Unknown Source)
	at sun.swing.AccumulativeRunnable.run(Unknown Source)
	at javax.swing.SwingWorker$DoSubmitAccumulativeRunnable.actionPerformed(Unknown Source)
	at javax.swing.Timer.fireActionPerformed(Unknown Source)
	at javax.swing.Timer$DoPostEvent.run(Unknown Source)
	at java.awt.event.InvocationEvent.dispatch(Unknown Source)
	at java.awt.EventQueue.dispatchEventImpl(Unknown Source)
	at java.awt.EventQueue.access$500(Unknown Source)
	at java.awt.EventQueue$3.run(Unknown Source)
	at java.awt.EventQueue$3.run(Unknown Source)
	at java.security.AccessController.doPrivileged(Native Method)
	at java.security.ProtectionDomain$JavaSecurityAccessImpl.doIntersectionPrivilege(Unknown Source)
	at java.awt.EventQueue.dispatchEvent(Unknown Source)
	at java.awt.EventDispatchThread.pumpOneEventForFilters(Unknown Source)
	at java.awt.EventDispatchThread.pumpEventsForFilter(Unknown Source)
	at java.awt.EventDispatchThread.pumpEventsForHierarchy(Unknown Source)
	at java.awt.EventDispatchThread.pumpEvents(Unknown Source)
	at java.awt.EventDispatchThread.pumpEvents(Unknown Source)
	at java.awt.EventDispatchThread.run(Unknown Source)
Caused by: java.net.ConnectException: Connection timed out: connect
	at java.net.DualStackPlainSocketImpl.connect0(Native Method)
	at java.net.DualStackPlainSocketImpl.socketConnect(Unknown Source)
	at java.net.AbstractPlainSocketImpl.doConnect(Unknown Source)
	at java.net.AbstractPlainSocketImpl.connectToAddress(Unknown Source)
	at java.net.AbstractPlainSocketImpl.connect(Unknown Source)
	at java.net.PlainSocketImpl.connect(Unknown Source)
	at java.net.SocksSocketImpl.connect(Unknown Source)
	at java.net.Socket.connect(Unknown Source)
	at java.net.Socket.connect(Unknown Source)
	at java.net.Socket.<init>(Unknown Source)
	at java.net.Socket.<init>(Unknown Source)
	at de.bnware.rfid.service.ConnectionService.<init>(ConnectionService.java:27)
	at de.bnware.rfid.service.ConnectionService.connect(ConnectionService.java:39)
	at de.bnware.rfid.ui.MainFrame$ConnectWorker.doInBackground(MainFrame.java:414)
	at de.bnware.rfid.ui.MainFrame$ConnectWorker.doInBackground(MainFrame.java:404)
	at javax.swing.SwingWorker$1.call(Unknown Source)
	at java.util.concurrent.FutureTask.run(Unknown Source)
	at javax.swing.SwingWorker.run(Unknown Source)
	at java.util.concurrent.ThreadPoolExecutor.runWorker(Unknown Source)
	at java.util.concurrent.ThreadPoolExecutor$Worker.run(Unknown Source)
	at java.lang.Thread.run(Unknown Source)
[2018-07-26 11:15:57] java.net.SocketTimeoutException: Read timed out
	at java.net.SocketInputStream.socketRead0(Native Method)
	at java.net.SocketInputStream.socketRead(Unknown Source)
	at java.net.SocketInputStream.read(Unknown Source)
	at java.net.SocketInputStream.read(Unknown Source)
	at java.net.SocketInputStream.read(Unknown Source)
	at de.bnware.rfid.service.ConnectionService.stopReadingInternal(ConnectionService.java:132)
	at de.bnware.rfid.service.ConnectionService.stopReading(ConnectionService.java:114)
	at de.bnware.rfid.ui.MainFrame.disconnectDatabase(MainFrame.java:183)
	at de.bnware.rfid.ui.MainFrame.access$1900(MainFrame.java:43)
	at de.bnware.rfid.ui.MainFrame$StopReadingAction.actionPerformed(MainFrame.java:502)
	at javax.swing.AbstractButton.fireActionPerformed(Unknown Source)
	at javax.swing.AbstractButton$Handler.actionPerformed(Unknown Source)
	at javax.swing.DefaultButtonModel.fireActionPerformed(Unknown Source)
	at javax.swing.DefaultButtonModel.setPressed(Unknown Source)
	at javax.swing.plaf.basic.BasicButtonListener.mouseReleased(Unknown Source)
	at java.awt.AWTEventMulticaster.mouseReleased(Unknown Source)
	at java.awt.Component.processMouseEvent(Unknown Source)
	at javax.swing.JComponent.processMouseEvent(Unknown Source)
	at java.awt.Component.processEvent(Unknown Source)
	at java.awt.Container.processEvent(Unknown Source)
	at java.awt.Component.dispatchEventImpl(Unknown Source)
	at java.awt.Container.dispatchEventImpl(Unknown Source)
	at java.awt.Component.dispatchEvent(Unknown Source)
	at java.awt.LightweightDispatcher.retargetMouseEvent(Unknown Source)
	at java.awt.LightweightDispatcher.processMouseEvent(Unknown Source)
	at java.awt.LightweightDispatcher.dispatchEvent(Unknown Source)
	at java.awt.Container.dispatchEventImpl(Unknown Source)
	at java.awt.Window.dispatchEventImpl(Unknown Source)
	at java.awt.Component.dispatchEvent(Unknown Source)
	at java.awt.EventQueue.dispatchEventImpl(Unknown Source)
	at java.awt.EventQueue.access$500(Unknown Source)
	at java.awt.EventQueue$3.run(Unknown Source)
	at java.awt.EventQueue$3.run(Unknown Source)
	at java.security.AccessController.doPrivileged(Native Method)
	at java.security.ProtectionDomain$JavaSecurityAccessImpl.doIntersectionPrivilege(Unknown Source)
	at java.security.ProtectionDomain$JavaSecurityAccessImpl.doIntersectionPrivilege(Unknown Source)
	at java.awt.EventQueue$4.run(Unknown Source)
	at java.awt.EventQueue$4.run(Unknown Source)
	at java.security.AccessController.doPrivileged(Native Method)
	at java.security.ProtectionDomain$JavaSecurityAccessImpl.doIntersectionPrivilege(Unknown Source)
	at java.awt.EventQueue.dispatchEvent(Unknown Source)
	at java.awt.EventDispatchThread.pumpOneEventForFilters(Unknown Source)
	at java.awt.EventDispatchThread.pumpEventsForFilter(Unknown Source)
	at java.awt.EventDispatchThread.pumpEventsForHierarchy(Unknown Source)
	at java.awt.EventDispatchThread.pumpEvents(Unknown Source)
	at java.awt.EventDispatchThread.pumpEvents(Unknown Source)
	at java.awt.EventDispatchThread.run(Unknown Source)
[2018-08-20 20:43:04] java.util.concurrent.ExecutionException: java.net.ConnectException: Connection timed out: connect
	at java.util.concurrent.FutureTask.report(Unknown Source)
	at java.util.concurrent.FutureTask.get(Unknown Source)
	at javax.swing.SwingWorker.get(Unknown Source)
	at de.bnware.rfid.ui.MainFrame$ConnectWorker.done(MainFrame.java:421)
	at javax.swing.SwingWorker$5.run(Unknown Source)
	at javax.swing.SwingWorker$DoSubmitAccumulativeRunnable.run(Unknown Source)
	at sun.swing.AccumulativeRunnable.run(Unknown Source)
	at javax.swing.SwingWorker$DoSubmitAccumulativeRunnable.actionPerformed(Unknown Source)
	at javax.swing.Timer.fireActionPerformed(Unknown Source)
	at javax.swing.Timer$DoPostEvent.run(Unknown Source)
	at java.awt.event.InvocationEvent.dispatch(Unknown Source)
	at java.awt.EventQueue.dispatchEventImpl(Unknown Source)
	at java.awt.EventQueue.access$500(Unknown Source)
	at java.awt.EventQueue$3.run(Unknown Source)
	at java.awt.EventQueue$3.run(Unknown Source)
	at java.security.AccessController.doPrivileged(Native Method)
	at java.security.ProtectionDomain$JavaSecurityAccessImpl.doIntersectionPrivilege(Unknown Source)
	at java.awt.EventQueue.dispatchEvent(Unknown Source)
	at java.awt.EventDispatchThread.pumpOneEventForFilters(Unknown Source)
	at java.awt.EventDispatchThread.pumpEventsForFilter(Unknown Source)
	at java.awt.EventDispatchThread.pumpEventsForHierarchy(Unknown Source)
	at java.awt.EventDispatchThread.pumpEvents(Unknown Source)
	at java.awt.EventDispatchThread.pumpEvents(Unknown Source)
	at java.awt.EventDispatchThread.run(Unknown Source)
Caused by: java.net.ConnectException: Connection timed out: connect
	at java.net.DualStackPlainSocketImpl.connect0(Native Method)
	at java.net.DualStackPlainSocketImpl.socketConnect(Unknown Source)
	at java.net.AbstractPlainSocketImpl.doConnect(Unknown Source)
	at java.net.AbstractPlainSocketImpl.connectToAddress(Unknown Source)
	at java.net.AbstractPlainSocketImpl.connect(Unknown Source)
	at java.net.PlainSocketImpl.connect(Unknown Source)
	at java.net.SocksSocketImpl.connect(Unknown Source)
	at java.net.Socket.connect(Unknown Source)
	at java.net.Socket.connect(Unknown Source)
	at java.net.Socket.<init>(Unknown Source)
	at java.net.Socket.<init>(Unknown Source)
	at de.bnware.rfid.service.ConnectionService.<init>(ConnectionService.java:27)
	at de.bnware.rfid.service.ConnectionService.connect(ConnectionService.java:39)
	at de.bnware.rfid.ui.MainFrame$ConnectWorker.doInBackground(MainFrame.java:414)
	at de.bnware.rfid.ui.MainFrame$ConnectWorker.doInBackground(MainFrame.java:404)
	at javax.swing.SwingWorker$1.call(Unknown Source)
	at java.util.concurrent.FutureTask.run(Unknown Source)
	at javax.swing.SwingWorker.run(Unknown Source)
	at java.util.concurrent.ThreadPoolExecutor.runWorker(Unknown Source)
	at java.util.concurrent.ThreadPoolExecutor$Worker.run(Unknown Source)
	at java.lang.Thread.run(Unknown Source)
[2018-08-20 21:01:15] java.util.concurrent.ExecutionException: java.net.ConnectException: Connection refused: connect
	at java.util.concurrent.FutureTask.report(Unknown Source)
	at java.util.concurrent.FutureTask.get(Unknown Source)
	at javax.swing.SwingWorker.get(Unknown Source)
	at de.bnware.rfid.ui.MainFrame$ConnectWorker.done(MainFrame.java:421)
	at javax.swing.SwingWorker$5.run(Unknown Source)
	at javax.swing.SwingWorker$DoSubmitAccumulativeRunnable.run(Unknown Source)
	at sun.swing.AccumulativeRunnable.run(Unknown Source)
	at javax.swing.SwingWorker$DoSubmitAccumulativeRunnable.actionPerformed(Unknown Source)
	at javax.swing.Timer.fireActionPerformed(Unknown Source)
	at javax.swing.Timer$DoPostEvent.run(Unknown Source)
	at java.awt.event.InvocationEvent.dispatch(Unknown Source)
	at java.awt.EventQueue.dispatchEventImpl(Unknown Source)
	at java.awt.EventQueue.access$500(Unknown Source)
	at java.awt.EventQueue$3.run(Unknown Source)
	at java.awt.EventQueue$3.run(Unknown Source)
	at java.security.AccessController.doPrivileged(Native Method)
	at java.security.ProtectionDomain$JavaSecurityAccessImpl.doIntersectionPrivilege(Unknown Source)
	at java.awt.EventQueue.dispatchEvent(Unknown Source)
	at java.awt.EventDispatchThread.pumpOneEventForFilters(Unknown Source)
	at java.awt.EventDispatchThread.pumpEventsForFilter(Unknown Source)
	at java.awt.EventDispatchThread.pumpEventsForHierarchy(Unknown Source)
	at java.awt.EventDispatchThread.pumpEvents(Unknown Source)
	at java.awt.EventDispatchThread.pumpEvents(Unknown Source)
	at java.awt.EventDispatchThread.run(Unknown Source)
Caused by: java.net.ConnectException: Connection refused: connect
	at java.net.DualStackPlainSocketImpl.connect0(Native Method)
	at java.net.DualStackPlainSocketImpl.socketConnect(Unknown Source)
	at java.net.AbstractPlainSocketImpl.doConnect(Unknown Source)
	at java.net.AbstractPlainSocketImpl.connectToAddress(Unknown Source)
	at java.net.AbstractPlainSocketImpl.connect(Unknown Source)
	at java.net.PlainSocketImpl.connect(Unknown Source)
	at java.net.SocksSocketImpl.connect(Unknown Source)
	at java.net.Socket.connect(Unknown Source)
	at java.net.Socket.connect(Unknown Source)
	at java.net.Socket.<init>(Unknown Source)
	at java.net.Socket.<init>(Unknown Source)
	at de.bnware.rfid.service.ConnectionService.<init>(ConnectionService.java:27)
	at de.bnware.rfid.service.ConnectionService.connect(ConnectionService.java:39)
	at de.bnware.rfid.ui.MainFrame$ConnectWorker.doInBackground(MainFrame.java:414)
	at de.bnware.rfid.ui.MainFrame$ConnectWorker.doInBackground(MainFrame.java:404)
	at javax.swing.SwingWorker$1.call(Unknown Source)
	at java.util.concurrent.FutureTask.run(Unknown Source)
	at javax.swing.SwingWorker.run(Unknown Source)
	at java.util.concurrent.ThreadPoolExecutor.runWorker(Unknown Source)
	at java.util.concurrent.ThreadPoolExecutor$Worker.run(Unknown Source)
	at java.lang.Thread.run(Unknown Source)
[2018-08-20 21:02:12] java.net.SocketTimeoutException: Read timed out
	at java.net.SocketInputStream.socketRead0(Native Method)
	at java.net.SocketInputStream.socketRead(Unknown Source)
	at java.net.SocketInputStream.read(Unknown Source)
	at java.net.SocketInputStream.read(Unknown Source)
	at java.net.SocketInputStream.read(Unknown Source)
	at de.bnware.rfid.service.ConnectionService.stopReadingInternal(ConnectionService.java:132)
	at de.bnware.rfid.service.ConnectionService.stopReading(ConnectionService.java:114)
	at de.bnware.rfid.ui.MainFrame.disconnectDatabase(MainFrame.java:183)
	at de.bnware.rfid.ui.MainFrame.access$1900(MainFrame.java:43)
	at de.bnware.rfid.ui.MainFrame$StopReadingAction.actionPerformed(MainFrame.java:502)
	at javax.swing.AbstractButton.fireActionPerformed(Unknown Source)
	at javax.swing.AbstractButton$Handler.actionPerformed(Unknown Source)
	at javax.swing.DefaultButtonModel.fireActionPerformed(Unknown Source)
	at javax.swing.DefaultButtonModel.setPressed(Unknown Source)
	at javax.swing.plaf.basic.BasicButtonListener.mouseReleased(Unknown Source)
	at java.awt.AWTEventMulticaster.mouseReleased(Unknown Source)
	at java.awt.Component.processMouseEvent(Unknown Source)
	at javax.swing.JComponent.processMouseEvent(Unknown Source)
	at java.awt.Component.processEvent(Unknown Source)
	at java.awt.Container.processEvent(Unknown Source)
	at java.awt.Component.dispatchEventImpl(Unknown Source)
	at java.awt.Container.dispatchEventImpl(Unknown Source)
	at java.awt.Component.dispatchEvent(Unknown Source)
	at java.awt.LightweightDispatcher.retargetMouseEvent(Unknown Source)
	at java.awt.LightweightDispatcher.processMouseEvent(Unknown Source)
	at java.awt.LightweightDispatcher.dispatchEvent(Unknown Source)
	at java.awt.Container.dispatchEventImpl(Unknown Source)
	at java.awt.Window.dispatchEventImpl(Unknown Source)
	at java.awt.Component.dispatchEvent(Unknown Source)
	at java.awt.EventQueue.dispatchEventImpl(Unknown Source)
	at java.awt.EventQueue.access$500(Unknown Source)
	at java.awt.EventQueue$3.run(Unknown Source)
	at java.awt.EventQueue$3.run(Unknown Source)
	at java.security.AccessController.doPrivileged(Native Method)
	at java.security.ProtectionDomain$JavaSecurityAccessImpl.doIntersectionPrivilege(Unknown Source)
	at java.security.ProtectionDomain$JavaSecurityAccessImpl.doIntersectionPrivilege(Unknown Source)
	at java.awt.EventQueue$4.run(Unknown Source)
	at java.awt.EventQueue$4.run(Unknown Source)
	at java.security.AccessController.doPrivileged(Native Method)
	at java.security.ProtectionDomain$JavaSecurityAccessImpl.doIntersectionPrivilege(Unknown Source)
	at java.awt.EventQueue.dispatchEvent(Unknown Source)
	at java.awt.EventDispatchThread.pumpOneEventForFilters(Unknown Source)
	at java.awt.EventDispatchThread.pumpEventsForFilter(Unknown Source)
	at java.awt.EventDispatchThread.pumpEventsForHierarchy(Unknown Source)
	at java.awt.EventDispatchThread.pumpEvents(Unknown Source)
	at java.awt.EventDispatchThread.pumpEvents(Unknown Source)
	at java.awt.EventDispatchThread.run(Unknown Source)
[2018-08-21 05:55:32] java.net.SocketException: Connection reset
	at java.net.SocketInputStream.read(Unknown Source)
	at java.net.SocketInputStream.read(Unknown Source)
	at sun.nio.cs.StreamDecoder.readBytes(Unknown Source)
	at sun.nio.cs.StreamDecoder.implRead(Unknown Source)
	at sun.nio.cs.StreamDecoder.read(Unknown Source)
	at java.io.InputStreamReader.read(Unknown Source)
	at java.io.BufferedReader.fill(Unknown Source)
	at java.io.BufferedReader.readLine(Unknown Source)
	at java.io.BufferedReader.readLine(Unknown Source)
	at de.bnware.rfid.service.ConnectionService.lambda$initReadThread$0(ConnectionService.java:155)
	at java.lang.Thread.run(Unknown Source)
[2018-08-21 05:55:33] java.net.SocketException: Connection reset
	at java.net.SocketInputStream.read(Unknown Source)
	at java.net.SocketInputStream.read(Unknown Source)
	at java.net.SocketInputStream.read(Unknown Source)
	at de.bnware.rfid.service.ConnectionService.stopReadingInternal(ConnectionService.java:132)
	at de.bnware.rfid.service.ConnectionService.stopReading(ConnectionService.java:114)
	at de.bnware.rfid.ui.MainFrame.disconnectDatabase(MainFrame.java:183)
	at de.bnware.rfid.ui.MainFrame.access$1900(MainFrame.java:43)
	at de.bnware.rfid.ui.MainFrame$DisconnectWorker.doInBackground(MainFrame.java:464)
	at de.bnware.rfid.ui.MainFrame$DisconnectWorker.doInBackground(MainFrame.java:451)
	at javax.swing.SwingWorker$1.call(Unknown Source)
	at java.util.concurrent.FutureTask.run(Unknown Source)
	at javax.swing.SwingWorker.run(Unknown Source)
	at java.util.concurrent.ThreadPoolExecutor.runWorker(Unknown Source)
	at java.util.concurrent.ThreadPoolExecutor$Worker.run(Unknown Source)
	at java.lang.Thread.run(Unknown Source)
[2018-11-07 20:16:57] java.net.SocketTimeoutException: Read timed out
	at java.base/java.net.SocketInputStream.socketRead0(Native Method)
	at java.base/java.net.SocketInputStream.socketRead(Unknown Source)
	at java.base/java.net.SocketInputStream.read(Unknown Source)
	at java.base/java.net.SocketInputStream.read(Unknown Source)
	at java.base/java.net.SocketInputStream.read(Unknown Source)
	at de.bnware.rfid.service.ConnectionService.stopReadingInternal(ConnectionService.java:123)
	at de.bnware.rfid.service.ConnectionService.stopReading(ConnectionService.java:103)
	at de.bnware.rfid.ui.MainFrame$StopReadingAction.actionPerformed(MainFrame.java:373)
	at java.desktop/javax.swing.AbstractButton.fireActionPerformed(Unknown Source)
	at java.desktop/javax.swing.AbstractButton$Handler.actionPerformed(Unknown Source)
	at java.desktop/javax.swing.DefaultButtonModel.fireActionPerformed(Unknown Source)
	at java.desktop/javax.swing.DefaultButtonModel.setPressed(Unknown Source)
	at java.desktop/javax.swing.plaf.basic.BasicButtonListener.mouseReleased(Unknown Source)
	at java.desktop/java.awt.AWTEventMulticaster.mouseReleased(Unknown Source)
	at java.desktop/java.awt.Component.processMouseEvent(Unknown Source)
	at java.desktop/javax.swing.JComponent.processMouseEvent(Unknown Source)
	at java.desktop/java.awt.Component.processEvent(Unknown Source)
	at java.desktop/java.awt.Container.processEvent(Unknown Source)
	at java.desktop/java.awt.Component.dispatchEventImpl(Unknown Source)
	at java.desktop/java.awt.Container.dispatchEventImpl(Unknown Source)
	at java.desktop/java.awt.Component.dispatchEvent(Unknown Source)
	at java.desktop/java.awt.LightweightDispatcher.retargetMouseEvent(Unknown Source)
	at java.desktop/java.awt.LightweightDispatcher.processMouseEvent(Unknown Source)
	at java.desktop/java.awt.LightweightDispatcher.dispatchEvent(Unknown Source)
	at java.desktop/java.awt.Container.dispatchEventImpl(Unknown Source)
	at java.desktop/java.awt.Window.dispatchEventImpl(Unknown Source)
	at java.desktop/java.awt.Component.dispatchEvent(Unknown Source)
	at java.desktop/java.awt.EventQueue.dispatchEventImpl(Unknown Source)
	at java.desktop/java.awt.EventQueue.access$600(Unknown Source)
	at java.desktop/java.awt.EventQueue$4.run(Unknown Source)
	at java.desktop/java.awt.EventQueue$4.run(Unknown Source)
	at java.base/java.security.AccessController.doPrivileged(Native Method)
	at java.base/java.security.ProtectionDomain$JavaSecurityAccessImpl.doIntersectionPrivilege(Unknown Source)
	at java.base/java.security.ProtectionDomain$JavaSecurityAccessImpl.doIntersectionPrivilege(Unknown Source)
	at java.desktop/java.awt.EventQueue$5.run(Unknown Source)
	at java.desktop/java.awt.EventQueue$5.run(Unknown Source)
	at java.base/java.security.AccessController.doPrivileged(Native Method)
	at java.base/java.security.ProtectionDomain$JavaSecurityAccessImpl.doIntersectionPrivilege(Unknown Source)
	at java.desktop/java.awt.EventQueue.dispatchEvent(Unknown Source)
	at java.desktop/java.awt.EventDispatchThread.pumpOneEventForFilters(Unknown Source)
	at java.desktop/java.awt.EventDispatchThread.pumpEventsForFilter(Unknown Source)
	at java.desktop/java.awt.EventDispatchThread.pumpEventsForHierarchy(Unknown Source)
	at java.desktop/java.awt.EventDispatchThread.pumpEvents(Unknown Source)
	at java.desktop/java.awt.EventDispatchThread.pumpEvents(Unknown Source)
	at java.desktop/java.awt.EventDispatchThread.run(Unknown Source)
[2018-11-07 20:30:49] java.net.SocketException: Connection reset
	at java.base/java.net.SocketInputStream.read(Unknown Source)
	at java.base/java.net.SocketInputStream.read(Unknown Source)
	at java.base/sun.nio.cs.StreamDecoder.readBytes(Unknown Source)
	at java.base/sun.nio.cs.StreamDecoder.implRead(Unknown Source)
	at java.base/sun.nio.cs.StreamDecoder.read(Unknown Source)
	at java.base/java.io.InputStreamReader.read(Unknown Source)
	at java.base/java.io.BufferedReader.fill(Unknown Source)
	at java.base/java.io.BufferedReader.readLine(Unknown Source)
	at java.base/java.io.BufferedReader.readLine(Unknown Source)
	at de.bnware.rfid.service.ConnectionService.lambda$initReadThread$0(ConnectionService.java:151)
	at java.base/java.lang.Thread.run(Unknown Source)
[2018-11-07 20:30:50] java.net.SocketException: Connection reset
	at java.base/java.net.SocketInputStream.read(Unknown Source)
	at java.base/java.net.SocketInputStream.read(Unknown Source)
	at java.base/java.net.SocketInputStream.read(Unknown Source)
	at de.bnware.rfid.service.ConnectionService.stopReadingInternal(ConnectionService.java:123)
	at de.bnware.rfid.service.ConnectionService.stopReading(ConnectionService.java:103)
	at de.bnware.rfid.ui.MainFrame.disconnectDatabase(MainFrame.java:176)
	at de.bnware.rfid.ui.MainFrame.access$1600(MainFrame.java:36)
	at de.bnware.rfid.ui.MainFrame$DisconnectWorker.doInBackground(MainFrame.java:402)
	at de.bnware.rfid.ui.MainFrame$DisconnectWorker.doInBackground(MainFrame.java:393)
	at java.desktop/javax.swing.SwingWorker$1.call(Unknown Source)
	at java.base/java.util.concurrent.FutureTask.run(Unknown Source)
	at java.desktop/javax.swing.SwingWorker.run(Unknown Source)
	at java.base/java.util.concurrent.ThreadPoolExecutor.runWorker(Unknown Source)
	at java.base/java.util.concurrent.ThreadPoolExecutor$Worker.run(Unknown Source)
	at java.base/java.lang.Thread.run(Unknown Source)
[2018-11-07 20:31:22] java.net.SocketTimeoutException: Read timed out
	at java.base/java.net.SocketInputStream.socketRead0(Native Method)
	at java.base/java.net.SocketInputStream.socketRead(Unknown Source)
	at java.base/java.net.SocketInputStream.read(Unknown Source)
	at java.base/java.net.SocketInputStream.read(Unknown Source)
	at java.base/java.net.SocketInputStream.read(Unknown Source)
	at de.bnware.rfid.service.ConnectionService.stopReadingInternal(ConnectionService.java:123)
	at de.bnware.rfid.service.ConnectionService.stopReading(ConnectionService.java:103)
	at de.bnware.rfid.ui.MainFrame.disconnectDatabase(MainFrame.java:176)
	at de.bnware.rfid.ui.MainFrame.access$1600(MainFrame.java:36)
	at de.bnware.rfid.ui.MainFrame$StopReadingAction.actionPerformed(MainFrame.java:375)
	at java.desktop/javax.swing.AbstractButton.fireActionPerformed(Unknown Source)
	at java.desktop/javax.swing.AbstractButton$Handler.actionPerformed(Unknown Source)
	at java.desktop/javax.swing.DefaultButtonModel.fireActionPerformed(Unknown Source)
	at java.desktop/javax.swing.DefaultButtonModel.setPressed(Unknown Source)
	at java.desktop/javax.swing.plaf.basic.BasicButtonListener.mouseReleased(Unknown Source)
	at java.desktop/java.awt.AWTEventMulticaster.mouseReleased(Unknown Source)
	at java.desktop/java.awt.Component.processMouseEvent(Unknown Source)
	at java.desktop/javax.swing.JComponent.processMouseEvent(Unknown Source)
	at java.desktop/java.awt.Component.processEvent(Unknown Source)
	at java.desktop/java.awt.Container.processEvent(Unknown Source)
	at java.desktop/java.awt.Component.dispatchEventImpl(Unknown Source)
	at java.desktop/java.awt.Container.dispatchEventImpl(Unknown Source)
	at java.desktop/java.awt.Component.dispatchEvent(Unknown Source)
	at java.desktop/java.awt.LightweightDispatcher.retargetMouseEvent(Unknown Source)
	at java.desktop/java.awt.LightweightDispatcher.processMouseEvent(Unknown Source)
	at java.desktop/java.awt.LightweightDispatcher.dispatchEvent(Unknown Source)
	at java.desktop/java.awt.Container.dispatchEventImpl(Unknown Source)
	at java.desktop/java.awt.Window.dispatchEventImpl(Unknown Source)
	at java.desktop/java.awt.Component.dispatchEvent(Unknown Source)
	at java.desktop/java.awt.EventQueue.dispatchEventImpl(Unknown Source)
	at java.desktop/java.awt.EventQueue.access$600(Unknown Source)
	at java.desktop/java.awt.EventQueue$4.run(Unknown Source)
	at java.desktop/java.awt.EventQueue$4.run(Unknown Source)
	at java.base/java.security.AccessController.doPrivileged(Native Method)
	at java.base/java.security.ProtectionDomain$JavaSecurityAccessImpl.doIntersectionPrivilege(Unknown Source)
	at java.base/java.security.ProtectionDomain$JavaSecurityAccessImpl.doIntersectionPrivilege(Unknown Source)
	at java.desktop/java.awt.EventQueue$5.run(Unknown Source)
	at java.desktop/java.awt.EventQueue$5.run(Unknown Source)
	at java.base/java.security.AccessController.doPrivileged(Native Method)
	at java.base/java.security.ProtectionDomain$JavaSecurityAccessImpl.doIntersectionPrivilege(Unknown Source)
	at java.desktop/java.awt.EventQueue.dispatchEvent(Unknown Source)
	at java.desktop/java.awt.EventDispatchThread.pumpOneEventForFilters(Unknown Source)
	at java.desktop/java.awt.EventDispatchThread.pumpEventsForFilter(Unknown Source)
	at java.desktop/java.awt.EventDispatchThread.pumpEventsForHierarchy(Unknown Source)
	at java.desktop/java.awt.EventDispatchThread.pumpEvents(Unknown Source)
	at java.desktop/java.awt.EventDispatchThread.pumpEvents(Unknown Source)
	at java.desktop/java.awt.EventDispatchThread.run(Unknown Source)
[2018-11-07 20:32:04] java.net.SocketTimeoutException: Read timed out
	at java.base/java.net.SocketInputStream.socketRead0(Native Method)
	at java.base/java.net.SocketInputStream.socketRead(Unknown Source)
	at java.base/java.net.SocketInputStream.read(Unknown Source)
	at java.base/java.net.SocketInputStream.read(Unknown Source)
	at java.base/java.net.SocketInputStream.read(Unknown Source)
	at de.bnware.rfid.service.ConnectionService.stopReadingInternal(ConnectionService.java:123)
	at de.bnware.rfid.service.ConnectionService.stopReading(ConnectionService.java:103)
	at de.bnware.rfid.ui.MainFrame$StopReadingAction.actionPerformed(MainFrame.java:373)
	at java.desktop/javax.swing.AbstractButton.fireActionPerformed(Unknown Source)
	at java.desktop/javax.swing.AbstractButton$Handler.actionPerformed(Unknown Source)
	at java.desktop/javax.swing.DefaultButtonModel.fireActionPerformed(Unknown Source)
	at java.desktop/javax.swing.DefaultButtonModel.setPressed(Unknown Source)
	at java.desktop/javax.swing.plaf.basic.BasicButtonListener.mouseReleased(Unknown Source)
	at java.desktop/java.awt.AWTEventMulticaster.mouseReleased(Unknown Source)
	at java.desktop/java.awt.Component.processMouseEvent(Unknown Source)
	at java.desktop/javax.swing.JComponent.processMouseEvent(Unknown Source)
	at java.desktop/java.awt.Component.processEvent(Unknown Source)
	at java.desktop/java.awt.Container.processEvent(Unknown Source)
	at java.desktop/java.awt.Component.dispatchEventImpl(Unknown Source)
	at java.desktop/java.awt.Container.dispatchEventImpl(Unknown Source)
	at java.desktop/java.awt.Component.dispatchEvent(Unknown Source)
	at java.desktop/java.awt.LightweightDispatcher.retargetMouseEvent(Unknown Source)
	at java.desktop/java.awt.LightweightDispatcher.processMouseEvent(Unknown Source)
	at java.desktop/java.awt.LightweightDispatcher.dispatchEvent(Unknown Source)
	at java.desktop/java.awt.Container.dispatchEventImpl(Unknown Source)
	at java.desktop/java.awt.Window.dispatchEventImpl(Unknown Source)
	at java.desktop/java.awt.Component.dispatchEvent(Unknown Source)
	at java.desktop/java.awt.EventQueue.dispatchEventImpl(Unknown Source)
	at java.desktop/java.awt.EventQueue.access$600(Unknown Source)
	at java.desktop/java.awt.EventQueue$4.run(Unknown Source)
	at java.desktop/java.awt.EventQueue$4.run(Unknown Source)
	at java.base/java.security.AccessController.doPrivileged(Native Method)
	at java.base/java.security.ProtectionDomain$JavaSecurityAccessImpl.doIntersectionPrivilege(Unknown Source)
	at java.base/java.security.ProtectionDomain$JavaSecurityAccessImpl.doIntersectionPrivilege(Unknown Source)
	at java.desktop/java.awt.EventQueue$5.run(Unknown Source)
	at java.desktop/java.awt.EventQueue$5.run(Unknown Source)
	at java.base/java.security.AccessController.doPrivileged(Native Method)
	at java.base/java.security.ProtectionDomain$JavaSecurityAccessImpl.doIntersectionPrivilege(Unknown Source)
	at java.desktop/java.awt.EventQueue.dispatchEvent(Unknown Source)
	at java.desktop/java.awt.EventDispatchThread.pumpOneEventForFilters(Unknown Source)
	at java.desktop/java.awt.EventDispatchThread.pumpEventsForFilter(Unknown Source)
	at java.desktop/java.awt.EventDispatchThread.pumpEventsForHierarchy(Unknown Source)
	at java.desktop/java.awt.EventDispatchThread.pumpEvents(Unknown Source)
	at java.desktop/java.awt.EventDispatchThread.pumpEvents(Unknown Source)
	at java.desktop/java.awt.EventDispatchThread.run(Unknown Source)
[2018-11-07 22:22:07] java.net.SocketTimeoutException: Read timed out
	at java.base/java.net.SocketInputStream.socketRead0(Native Method)
	at java.base/java.net.SocketInputStream.socketRead(Unknown Source)
	at java.base/java.net.SocketInputStream.read(Unknown Source)
	at java.base/java.net.SocketInputStream.read(Unknown Source)
	at java.base/java.net.SocketInputStream.read(Unknown Source)
	at de.bnware.rfid.service.ConnectionService.stopReadingInternal(ConnectionService.java:123)
	at de.bnware.rfid.service.ConnectionService.stopReading(ConnectionService.java:103)
	at de.bnware.rfid.ui.MainFrame.disconnectDatabase(MainFrame.java:176)
	at de.bnware.rfid.ui.MainFrame.access$1600(MainFrame.java:36)
	at de.bnware.rfid.ui.MainFrame$StopReadingAction.actionPerformed(MainFrame.java:375)
	at java.desktop/javax.swing.AbstractButton.fireActionPerformed(Unknown Source)
	at java.desktop/javax.swing.AbstractButton$Handler.actionPerformed(Unknown Source)
	at java.desktop/javax.swing.DefaultButtonModel.fireActionPerformed(Unknown Source)
	at java.desktop/javax.swing.DefaultButtonModel.setPressed(Unknown Source)
	at java.desktop/javax.swing.plaf.basic.BasicButtonListener.mouseReleased(Unknown Source)
	at java.desktop/java.awt.AWTEventMulticaster.mouseReleased(Unknown Source)
	at java.desktop/java.awt.Component.processMouseEvent(Unknown Source)
	at java.desktop/javax.swing.JComponent.processMouseEvent(Unknown Source)
	at java.desktop/java.awt.Component.processEvent(Unknown Source)
	at java.desktop/java.awt.Container.processEvent(Unknown Source)
	at java.desktop/java.awt.Component.dispatchEventImpl(Unknown Source)
	at java.desktop/java.awt.Container.dispatchEventImpl(Unknown Source)
	at java.desktop/java.awt.Component.dispatchEvent(Unknown Source)
	at java.desktop/java.awt.LightweightDispatcher.retargetMouseEvent(Unknown Source)
	at java.desktop/java.awt.LightweightDispatcher.processMouseEvent(Unknown Source)
	at java.desktop/java.awt.LightweightDispatcher.dispatchEvent(Unknown Source)
	at java.desktop/java.awt.Container.dispatchEventImpl(Unknown Source)
	at java.desktop/java.awt.Window.dispatchEventImpl(Unknown Source)
	at java.desktop/java.awt.Component.dispatchEvent(Unknown Source)
	at java.desktop/java.awt.EventQueue.dispatchEventImpl(Unknown Source)
	at java.desktop/java.awt.EventQueue.access$600(Unknown Source)
	at java.desktop/java.awt.EventQueue$4.run(Unknown Source)
	at java.desktop/java.awt.EventQueue$4.run(Unknown Source)
	at java.base/java.security.AccessController.doPrivileged(Native Method)
	at java.base/java.security.ProtectionDomain$JavaSecurityAccessImpl.doIntersectionPrivilege(Unknown Source)
	at java.base/java.security.ProtectionDomain$JavaSecurityAccessImpl.doIntersectionPrivilege(Unknown Source)
	at java.desktop/java.awt.EventQueue$5.run(Unknown Source)
	at java.desktop/java.awt.EventQueue$5.run(Unknown Source)
	at java.base/java.security.AccessController.doPrivileged(Native Method)
	at java.base/java.security.ProtectionDomain$JavaSecurityAccessImpl.doIntersectionPrivilege(Unknown Source)
	at java.desktop/java.awt.EventQueue.dispatchEvent(Unknown Source)
	at java.desktop/java.awt.EventDispatchThread.pumpOneEventForFilters(Unknown Source)
	at java.desktop/java.awt.EventDispatchThread.pumpEventsForFilter(Unknown Source)
	at java.desktop/java.awt.EventDispatchThread.pumpEventsForHierarchy(Unknown Source)
	at java.desktop/java.awt.EventDispatchThread.pumpEvents(Unknown Source)
	at java.desktop/java.awt.EventDispatchThread.pumpEvents(Unknown Source)
	at java.desktop/java.awt.EventDispatchThread.run(Unknown Source)
[2018-11-07 22:31:13] java.net.SocketException: Connection reset
	at java.base/java.net.SocketInputStream.read(Unknown Source)
	at java.base/java.net.SocketInputStream.read(Unknown Source)
	at java.base/sun.nio.cs.StreamDecoder.readBytes(Unknown Source)
	at java.base/sun.nio.cs.StreamDecoder.implRead(Unknown Source)
	at java.base/sun.nio.cs.StreamDecoder.read(Unknown Source)
	at java.base/java.io.InputStreamReader.read(Unknown Source)
	at java.base/java.io.BufferedReader.fill(Unknown Source)
	at java.base/java.io.BufferedReader.readLine(Unknown Source)
	at java.base/java.io.BufferedReader.readLine(Unknown Source)
	at de.bnware.rfid.service.ConnectionService.lambda$initReadThread$0(ConnectionService.java:151)
	at java.base/java.lang.Thread.run(Unknown Source)
[2018-11-08 12:45:21] java.net.SocketException: Connection reset
	at java.base/java.net.SocketInputStream.read(Unknown Source)
	at java.base/java.net.SocketInputStream.read(Unknown Source)
	at java.base/java.net.SocketInputStream.read(Unknown Source)
	at de.bnware.rfid.service.ConnectionService.stopReadingInternal(ConnectionService.java:123)
	at de.bnware.rfid.service.ConnectionService.stopReading(ConnectionService.java:103)
	at de.bnware.rfid.ui.MainFrame.disconnectDatabase(MainFrame.java:176)
	at de.bnware.rfid.ui.MainFrame.access$1600(MainFrame.java:36)
	at de.bnware.rfid.ui.MainFrame$DisconnectWorker.doInBackground(MainFrame.java:402)
	at de.bnware.rfid.ui.MainFrame$DisconnectWorker.doInBackground(MainFrame.java:393)
	at java.desktop/javax.swing.SwingWorker$1.call(Unknown Source)
	at java.base/java.util.concurrent.FutureTask.run(Unknown Source)
	at java.desktop/javax.swing.SwingWorker.run(Unknown Source)
	at java.base/java.util.concurrent.ThreadPoolExecutor.runWorker(Unknown Source)
	at java.base/java.util.concurrent.ThreadPoolExecutor$Worker.run(Unknown Source)
	at java.base/java.lang.Thread.run(Unknown Source)
