1,166946176,1217070751,5,1,6
1,158133914,1219265000,5,1,6
2,158133914,1219265249,5,1,6
3,158133914,1219265337,9,1,6
4,158133914,1219265619,5,1,6
5,158133914,1219265712,0,1,6
6,158133914,1219265768,7,1,6
1,158133914,1219266220,9,1,6
2,158133914,1219266301,8,1,6
3,158133914,1219266456,5,1,6
4,158133914,1219266768,0,1,6
5,158132794,1219268087,1,1,6
6,158132794,1219268174,5,1,6
7,158132794,1219268194,2,1,6
8,158132794,1219268362,5,1,6
9,158132794,1219268421,8,1,6
V=0
V=0
V=0
V=0
V=0
V=0
V=0
V=0
V=0
V=0
V=0
V=0
V=0
V=0
V=0
V=0
V=0
V=0
V=0
V=0
V=0
V=0
0,14100006,1226089911,722,1,-28,0,1,1,0000000000000000,0,11594
V=0
V=0
V=0
V=0
V=0
V=0
V=0
V=0
V=0
V=0
V=0
V=0
V=0
V=0
V=0
V=0
V=0
V=0
V=0
V=0
V=0
V=0
V=0
V=0
V=0
0,14100006,1226096551,725,1,-41,0,1,1,0000000000000000,0,11595
V=0
V=0
V=0
V=0
V=0
V=0
V=0
0,14100006,1226096566,702,1,-53,0,1,1,0000000000000000,0,11596
V=0
V=0
V=0
V=0
V=0
V=0
V=0
V=0
V=0
V=0
V=0
V=0
V=0
V=0
V=0
V=0
V=0
V=0
V=0
V=0
0,14100006,1226096604,955,1,-42,0,1,1,0000000000000000,0,11597
V=0
V=0
V=0
V=0
V=0
V=0
V=0
V=0
V=0
V=0
V=0
V=0
V=0
V=0
V=0
V=0
V=0
V=0
V=0
V=0
V=0
V=0
V=0
V=0
V=0
V=0
V=0
V=0
V=0
V=0
V=0
V=0
V=0
V=0
V=0
V=0
V=0
V=0
V=0
V=0
V=0
V=0
V=0
V=0
V=0
V=0
V=0
V=0
V=0
V=0
V=0
V=0
V=0
V=0
V=0
V=0
V=0
V=0
V=0
V=0
V=0
V=0
V=0
V=0
V=0
V=0
V=0
V=0
V=0
V=0
V=0
V=0
V=0
V=0
V=0
V=0
V=0
V=0
V=0
V=0
V=0
V=0
V=0
V=0
V=0
V=0
V=0
V=0
V=0
V=0
V=0
V=0
V=0
V=0
V=0
V=0
V=0
V=0
V=0
V=0
V=0
V=0
V=0
V=0
V=0
V=0
V=0
V=0
V=0
V=0
V=0
V=0
V=0
V=0
V=0
V=0
V=0
V=0
V=0
V=0
V=0
V=0
V=0
V=0
V=0
V=0
V=0
V=0
V=0
V=0
V=0
V=0
V=0
V=0
V=0
V=0
V=0
V=0
V=0
V=0
V=0
V=0
V=0
V=0
V=0
V=0
V=0
V=0
V=0
V=0
V=0
V=0
V=0
V=0
V=0
V=0
V=0
V=0
V=0
V=0
V=0
V=0
V=0
V=0
V=0
V=0
V=0
V=0
V=0
V=0
V=0
V=0
V=0
V=0
V=0
V=0
V=0
V=0
V=0
V=0
V=0
V=0
V=0
V=0
V=0
V=0
V=0
V=0
V=0
V=0
V=0
V=0
V=0
V=0
V=0
V=0
V=0
V=0
V=0
V=0
V=0
V=0
V=0
V=0
V=0
V=0
V=0
V=0
V=0
V=0
V=0
V=0
V=0
V=0
V=0
V=0
V=0
V=0
V=0
V=0
V=0
V=0
V=0
V=0
V=0
V=0
V=0
V=0
V=0
V=0
V=0
V=0
V=0
V=0
V=0
V=0
V=0
V=0
V=0
V=0
V=0
V=0
V=0
V=0
V=0
V=0
V=0
V=0
V=0
V=0
V=0
V=0
V=0
V=0
V=0
V=0
V=0
V=0
V=0
V=0
V=0
V=0
V=0
V=0
V=0
V=0
V=0
V=0
V=0
V=0
V=0
V=0
V=0
V=0
V=0
V=0
V=0
V=0
V=0
V=0
V=0
V=0
V=0
V=0
V=0
V=0
V=0
V=0
V=0
V=0
V=0
V=0
V=0
V=0
V=0
V=0
V=0
V=0
V=0
V=0
V=0
V=0
V=0
V=0
V=0
V=0
V=0
V=0
V=0
V=0
V=0
V=0
V=0
V=0
V=0
V=0
V=0
V=0
V=0
V=0
0,566,1226394552,810,1,-52,0,1,1,0000000000000000,0,11598
V=0
0,566,1226394553,561,1,-52,0,1,1,0000000000000000,0,11599
0,566,1226394554,305,1,-64,0,1,1,0000000000000000,0,11600
V=0
V=0
V=0
V=0
V=0
V=0
V=0
V=0
V=0
V=0
V=0
V=0
V=0
V=0
V=0
V=0
V=0
V=0
V=0
V=0
V=0
V=0
V=0
V=0
V=0
V=0
V=0
V=0
V=0
V=0
V=0
V=0
V=0
V=0
V=0
V=0
V=0
V=0
V=0
V=0
V=0
V=0
V=0
V=0
V=0
V=0
V=0
V=0
V=0
V=0
V=0
V=0
V=0
V=0
V=0
V=0
V=0
V=0
V=0
V=0
V=0
V=0
V=0
V=0
V=0
V=0
V=0
V=0
V=0
V=0
V=0
V=0
V=0
V=0
V=0
V=0
V=0
V=0
V=0
V=0
V=0
V=0
V=0
V=0
V=0
0,878751,1226395082,395,1,-70,0,1,1,0000000000000000,0,11601
V=0
V=0
V=0
V=0
V=0
V=0
V=0
V=0
V=0
V=0
V=0
V=0
V=0
V=0
V=0
V=0
V=0
V=0
V=0
V=0
V=0
V=0
V=0
V=0
V=0
V=0
V=0
V=0
V=0
V=0
V=0
V=0
V=0
V=0
V=0
V=0
V=0
V=0
V=0
V=0
V=0
V=0
V=0
V=0
V=0
V=0
V=0
V=0
V=0
V=0
V=0
0,566,1226395186,646,1,-65,0,1,1,0000000000000000,0,11602
V=0
0,566,1226395188,402,1,-57,0,1,1,0000000000000000,0,11603
V=0
V=0
V=0
V=0
V=0
V=0
V=0
V=0
V=0
V=0
V=0
V=0
V=0
V=0
V=0
V=0
V=0
V=0
V=0
V=0
V=0
V=0
V=0
V=0
V=0
V=0
V=0
V=0
V=0
V=0
V=0
V=0
V=0
V=0
V=0
V=0
V=0
V=0
V=0
V=0
V=0
0,566,1226395268,908,1,-67,0,1,1,0000000000000000,0,11604
V=0
V=0
V=0
0,566,1226395273,647,1,-65,0,1,1,0000000000000000,0,11605
V=0
0,566,1226395278,897,1,-65,0,1,1,0000000000000000,0,11606
V=0
V=0
0,566,1226395281,402,1,-55,0,1,1,0000000000000000,0,11607
V=0
V=0
V=0
V=0
V=0
V=0
0,379,1226395294,652,1,-64,0,1,1,0000000000000000,0,11608
V=0
0,379,1226395295,934,1,-59,0,1,1,0000000000000000,0,11609
V=0
V=0
V=0
V=0
V=0
V=0
V=0
V=0
V=0
V=0
V=0
V=0
V=0
V=0
V=0
V=0
V=0
V=0
V=0
V=0
0,406,1226395336,150,1,-67,0,1,1,0000000000000000,0,11610
V=0
V=0
V=0
0,406,1226395340,653,1,-67,0,1,1,0000000000000000,0,11611
V=0
V=0
V=0
V=0
V=0
V=0
V=0
V=0
V=0
V=0
V=0
V=0
V=0
V=0
0,20160606,1226395368,907,1,-69,0,1,1,0000000000000000,0,11612
V=0
V=0
V=0
V=0
V=0
V=0
V=0
V=0
V=0
V=0
V=0
V=0
V=0
V=0
V=0
V=0
V=0
V=0
V=0
V=0
V=0
V=0
V=0
V=0
V=0
V=0
V=0
V=0
V=0
V=0
V=0
V=0
V=0
V=0
V=0
V=0
V=0
V=0
V=0
V=0
V=0
V=0
V=0
V=0
V=0
V=0
V=0
V=0
V=0
V=0
V=0
V=0
V=0
V=0
0,20181362,1226395621,989,1,-59,0,1,1,0000000000000000,0,11613
V=0
V=0
V=0
0,20182409,1226395627,718,1,-61,0,1,1,0000000000000000,0,11614
V=0
0,20181007,1226395631,469,1,-61,0,1,1,0000000000000000,0,11615
V=0
0,20181261,1226395630,483,1,-66,0,1,1,0000000000000000,0,11616
0,20181171,1226395630,969,1,-59,0,1,1,0000000000000000,0,11617
V=0
V=0
V=0
V=0
V=0
V=0
V=0
V=0
V=0
V=0
0,314,1226395650,965,1,-65,0,1,1,0000000000000000,0,11618
V=0
V=0
0,20181905,1226395655,468,1,-56,0,1,1,0000000000000000,0,11619
0,482,1226395655,965,1,-68,0,1,1,0000000000000000,0,11620
V=0
V=0
V=0
V=0
V=0
V=0
V=0
V=0
V=0
V=0
V=0
V=0
V=0
V=0
V=0
V=0
V=0
V=0
V=0
V=0
V=0
0,20160298,1226395698,470,1,-65,0,1,1,0000000000000000,0,11621
V=0
V=0
0,20160606,1226395707,473,1,-66,0,1,1,0000000000000000,0,11622
V=0
V=0
V=0
0,20160606,1226395713,727,1,-56,0,1,1,0000000000000000,0,11623
V=0
V=0
V=0
0,607,1226395715,861,1,-49,0,1,1,0000000000000000,0,11624
V=0
0,20160606,1226395714,730,1,-54,0,1,1,0000000000000000,0,11625
0,314,1226395721,222,1,-58,0,1,1,0000000000000000,0,11626
V=0
V=0
V=0
0,314,1226395721,481,1,-56,0,1,1,0000000000000000,0,11627
V=0
V=0
V=0
V=0
V=0
V=0
V=0
V=0
V=0
V=0
V=0
V=0
V=0
0,608,1226395748,976,1,-52,0,1,1,0000000000000000,0,11628
V=0
V=0
V=0
V=0
V=0
V=0
V=0
0,20160298,1226395766,226,1,-56,0,1,1,0000000000000000,0,11629
V=0
V=0
V=0
V=0
V=0
V=0
0,20180998,1226395776,224,1,-49,0,1,1,0000000000000000,0,11630
V=0
V=0
V=0
V=0
V=0
V=0
V=0
0,211,1226395788,721,1,-62,0,1,1,0000000000000000,0,11631
V=0
0,1193143,1226395788,472,1,-59,0,1,1,0000000000000000,0,11632
0,20160210,1226395788,978,1,-67,0,1,1,0000000000000000,0,11633
V=0
V=0
V=0
V=0
V=0
V=0
V=0
0,20180007,1226395802,980,1,-59,0,1,1,0000000000000000,0,11634
V=0
V=0
V=0
0,20182212,1226395813,479,1,-61,0,1,1,0000000000000000,0,11635
V=0
V=0
V=0
0,20182212,1226395816,737,1,-53,0,1,1,0000000000000000,0,11636
V=0
0,20180888,1226395818,476,1,-55,0,1,1,0000000000000000,0,11637
V=0
V=0
V=0
V=0
V=0
V=0
V=0
V=0
V=0
V=0
V=0
V=0
V=0
V=0
V=0
V=0
V=0
V=0
V=0
V=0
V=0
V=0
V=0
V=0
V=0
V=0
V=0
V=0
V=0
V=0
V=0
V=0
V=0
V=0
V=0
V=0
V=0
V=0
V=0
V=0
V=0
0,20160298,1226395899,223,1,-71,0,1,1,0000000000000000,0,11638
V=0
V=0
V=0
V=0
V=0
V=0
V=0
V=0
0,297,1226395916,241,1,-58,0,1,1,0000000000000000,0,11639
0,6935860,1226395916,728,1,-61,0,1,1,0000000000000000,0,11640
V=0
0,110,1226395917,981,1,-66,0,1,1,0000000000000000,0,11641
V=0
0,20180983,1226395920,224,1,-70,0,1,1,0000000000000000,0,11642
V=0
V=0
V=0
V=0
V=0
V=0
0,376,1226395934,482,1,-67,0,1,1,0000000000000000,0,11643
V=0
V=0
V=0
V=0
V=0
V=0
V=0
V=0
V=0
V=0
0,297,1226395953,986,1,-55,0,1,1,0000000000000000,0,11644
V=0
0,6935860,1226395953,989,1,-57,0,1,1,0000000000000000,0,11645
V=0
V=0
V=0
V=0
V=0
V=0
V=0
V=0
V=0
V=0
V=0
V=0
V=0
0,214,1226395980,731,1,-60,0,1,1,0000000000000000,0,11646
V=0
V=0
V=0
V=0
V=0
V=0
V=0
V=0
V=0
V=0
V=0
V=0
V=0
V=0
V=0
V=0
V=0
V=0
V=0
V=0
V=0
V=0
V=0
V=0
V=0
V=0
V=0
V=0
V=0
V=0
V=0
0,20182141,1226396044,240,1,-47,0,1,1,0000000000000000,0,11647
V=0
V=0
V=0
V=0
V=0
V=0
V=0
V=0
V=0
V=0
V=0
V=0
V=0
0,20181261,1226396068,991,1,-64,0,1,1,0000000000000000,0,11648
V=0
0,20181007,1226396068,990,1,-68,0,1,1,0000000000000000,0,11649
V=0
V=0
0,297,1226396074,734,1,-70,0,1,1,0000000000000000,0,11650
0,6935860,1226396075,485,1,-62,0,1,1,0000000000000000,0,11651
V=0
V=0
V=0
V=0
V=0
V=0
V=0
V=0
V=0
0,311,1226396091,733,1,-67,0,1,1,0000000000000000,0,11652
0,172,1226396092,986,1,-65,0,1,1,0000000000000000,0,11653
0,90,1226396093,254,1,-63,0,1,1,0000000000000000,0,11654
0,394,1226396092,985,1,-69,0,1,1,0000000000000000,0,11655
V=0
0,20180073,1226396100,247,1,-60,0,1,1,0000000000000000,0,11656
V=0
0,20184444,1226396101,252,1,-52,0,1,1,0000000000000000,0,11657
V=0
V=0
0,20180073,1226396100,725,1,-55,0,1,1,0000000000000000,0,11658
V=0
0,20184444,1226396101,987,1,-57,0,1,1,0000000000000000,0,11659
V=0
V=0
V=0
0,244,1226396108,733,1,-69,0,1,1,0000000000000000,0,11660
V=0
V=0
0,618,1226396112,243,1,-57,0,1,1,0000000000000000,0,11661
0,20181711,1226396112,240,1,-58,0,1,1,0000000000000000,0,11662
0,617,1226396112,492,1,-70,0,1,1,0000000000000000,0,11663
V=0
V=0
V=0
V=0
V=0
V=0
V=0
V=0
V=0
V=0
V=0
V=0
0,604,1226396136,492,1,-68,0,1,1,0000000000000000,0,11664
V=0
V=0
V=0
V=0
V=0
V=0
V=0
V=0
V=0
V=0
V=0
V=0
V=0
0,642,1226396163,244,1,-57,0,1,1,0000000000000000,0,11665
V=0
V=0
V=0
0,20161103,1226396171,488,1,-68,0,1,1,0000000000000000,0,11666
V=0
0,20180999,1226396169,745,1,-50,0,1,1,0000000000000000,0,11667
V=0
V=0
V=0
V=0
V=0
V=0
V=0
V=0
V=0
V=0
0,406,1226396190,14,1,-65,0,1,1,0000000000000000,0,11668
V=0
V=0
V=0
V=0
0,622,1226396199,995,1,-51,0,1,1,0000000000000000,0,11669
V=0
V=0
V=0
V=0
V=0
V=0
V=0
V=0
V=0
V=0
V=0
0,361,1226396220,493,1,-63,0,1,1,0000000000000000,0,11670
V=0
V=0
V=0
V=0
V=0
V=0
V=0
0,129,1226396234,255,1,-61,0,1,1,0000000000000000,0,11671
V=0
V=0
V=0
V=0
V=0
V=0
V=0
0,278,1226396248,999,1,-57,0,1,1,0000000000000000,0,11672
V=0
V=0
V=0
V=0
V=0
V=0
0,214,1226396259,998,1,-67,0,1,1,0000000000000000,0,11673
V=0
V=0
V=0
V=0
V=0
V=0
V=0
V=0
V=0
V=0
V=0
V=0
V=0
0,467,1226396773,791,1,-59,0,1,1,0000000000000000,0,11674
0,552,1226396770,267,1,-73,0,1,1,0000000000000000,0,11675
V=0
V=0
V=0
0,20181707,1226396777,290,1,-63,0,1,1,0000000000000000,0,11676
V=0
V=0
V=0
V=0
V=0
V=0
V=0
V=0
V=0
0,436,1226396795,45,1,-54,0,1,1,0000000000000000,0,11677
V=0
0,369,1226396801,543,1,-59,0,1,1,0000000000000000,0,11678
V=0
V=0
V=0
0,436,1226396801,794,1,-74,0,1,1,0000000000000000,0,11679
0,569,1226396802,290,1,-65,0,1,1,0000000000000000,0,11680
0,378,1226396809,543,1,-51,0,1,1,0000000000000000,0,11681
V=0
V=0
V=0
V=0
0,378,1226396809,799,1,-54,0,1,1,0000000000000000,0,11682
V=0
V=0
0,548,1226396813,286,1,-70,0,1,1,0000000000000000,0,11683
V=0
V=0
V=0
V=0
V=0
V=0
V=0
0,483,1226396833,973,1,-57,0,1,1,0000000000000000,0,11684
V=0
0,470,1226396834,803,1,-54,0,1,1,0000000000000000,0,11685
0,506,1226396833,547,1,-59,0,1,1,0000000000000000,0,11686
V=0
V=0
0,552,1226396834,808,1,-56,0,1,1,0000000000000000,0,11687
V=0
0,297,1226396838,545,1,-58,0,1,1,0000000000000000,0,11688
0,20160026,1226396843,306,1,-51,0,1,1,0000000000000000,0,11689
V=0
0,348,1226396844,91,1,-58,0,1,1,0000000000000000,0,11690
0,6935860,1226396840,51,1,-59,0,1,1,0000000000000000,0,11691
0,20181506,1226396842,448,1,-53,0,1,1,0000000000000000,0,11692
V=0
0,626,1226396842,39,1,-57,0,1,1,0000000000000000,0,11693
V=0
0,349,1226396845,296,1,-54,0,1,1,0000000000000000,0,11694
V=0
0,20160026,1226396844,10,1,-50,0,1,1,0000000000000000,0,11695
V=0
V=0
0,361,1226396847,796,1,-69,0,1,1,0000000000000000,0,11696
V=0
0,351,1226396857,48,1,-67,0,1,1,0000000000000000,0,11697
0,479,1226396856,49,1,-53,0,1,1,0000000000000000,0,11698
V=0
V=0
V=0
V=0
0,351,1226396857,543,1,-65,0,1,1,0000000000000000,0,11699
V=0
0,20180666,1226396866,550,1,-58,0,1,1,0000000000000000,0,11700
V=0
0,20180134,1226396867,184,1,-57,0,1,1,0000000000000000,0,11701
V=0
0,536,1226396863,793,1,-69,0,1,1,0000000000000000,0,11702
V=0
0,351,1226396870,797,1,-63,0,1,1,0000000000000000,0,11703
V=0
V=0
V=0
V=0
0,351,1226396875,43,1,-67,0,1,1,0000000000000000,0,11704
V=0
V=0
V=0
0,351,1226396881,303,1,-65,0,1,1,0000000000000000,0,11705
V=0
V=0
0,20182005,1226396884,289,1,-68,0,1,1,0000000000000000,0,11706
V=0
V=0
V=0
0,351,1226396892,299,1,-64,0,1,1,0000000000000000,0,11707
V=0
V=0
V=0
V=0
V=0
0,338,1226396905,550,1,-57,0,1,1,0000000000000000,0,11708
V=0
V=0
0,361,1226396907,299,1,-60,0,1,1,0000000000000000,0,11709
V=0
V=0
V=0
V=0
0,612,1226396912,41,1,-72,0,1,1,0000000000000000,0,11710
V=0
V=0
0,20182108,1226396918,798,1,-57,0,1,1,0000000000000000,0,11711
V=0
V=0
V=0
V=0
0,526,1226396927,301,1,-54,0,1,1,0000000000000000,0,11712
V=0
V=0
V=0
0,445,1226396934,302,1,-49,0,1,1,0000000000000000,0,11713
V=0
V=0
0,20161103,1226396933,798,1,-70,0,1,1,0000000000000000,0,11714
V=0
V=0
0,570,1226396944,551,1,-55,0,1,1,0000000000000000,0,11715
V=0
V=0
V=0
0,570,1226396944,808,1,-58,0,1,1,0000000000000000,0,11716
0,20161103,1226396949,301,1,-56,0,1,1,0000000000000000,0,11717
V=0
V=0
V=0
V=0
V=0
0,491,1226396959,796,1,-56,0,1,1,0000000000000000,0,11718
V=0
V=0
V=0
0,308,1226396967,58,1,-58,0,1,1,0000000000000000,0,11719
V=0
0,108,1226396968,298,1,-48,0,1,1,0000000000000000,0,11720
0,20180868,1226396962,808,1,-67,0,1,1,0000000000000000,0,11721
V=0
V=0
V=0
0,308,1226396967,769,1,-57,0,1,1,0000000000000000,0,11722
V=0
0,20180022,1226396971,46,1,-66,0,1,1,0000000000000000,0,11723
0,1184717,1226396970,797,1,-61,0,1,1,0000000000000000,0,11724
V=0
V=0
V=0
0,419,1226396976,552,1,-59,0,1,1,0000000000000000,0,11725
V=0
V=0
V=0
V=0
V=0
V=0
V=0
V=0
V=0
V=0
0,262,1226397001,554,1,-64,0,1,1,0000000000000000,0,11726
V=0
0,20160014,1226397004,13,1,-52,0,1,1,0000000000000000,0,11727
V=0
V=0
V=0
0,262,1226397005,803,1,-56,0,1,1,0000000000000000,0,11728
0,20160035,1226397007,263,1,-63,0,1,1,0000000000000000,0,11729
0,537,1226397004,812,1,-66,0,1,1,0000000000000000,0,11730
V=0
V=0
V=0
V=0
0,457,1226397012,301,1,-52,0,1,1,0000000000000000,0,11731
V=0
V=0
V=0
V=0
V=0
V=0
V=0
V=0
0,20181007,1226397030,555,1,-54,0,1,1,0000000000000000,0,11732
V=0
V=0
V=0
V=0
V=0
0,592,1226397039,554,1,-69,0,1,1,0000000000000000,0,11733
V=0
V=0
V=0
V=0
0,612,1226397052,555,1,-51,0,1,1,0000000000000000,0,11734
V=0
V=0
V=0
V=0
V=0
V=0
V=0
V=0
V=0
0,20181261,1226397068,66,1,-52,0,1,1,0000000000000000,0,11735
V=0
0,351,1226397072,306,1,-53,0,1,1,0000000000000000,0,11736
V=0
V=0
0,20180812,1226397070,306,1,-69,0,1,1,0000000000000000,0,11737
V=0
V=0
0,20181707,1226397076,553,1,-60,0,1,1,0000000000000000,0,11738
V=0
0,20180010,1226397083,812,1,-54,0,1,1,0000000000000000,0,11739
V=0
0,20180002,1226397083,811,1,-56,0,1,1,0000000000000000,0,11740
V=0
V=0
V=0
0,20180010,1226397084,766,1,-50,0,1,1,0000000000000000,0,11741
V=0
V=0
V=0
V=0
V=0
V=0
V=0
V=0
0,447,1226397105,41,1,-55,0,1,1,0000000000000000,0,11742
0,462,1226397105,18,1,-57,0,1,1,0000000000000000,0,11743
V=0
V=0
0,262,1226397109,318,1,-59,0,1,1,0000000000000000,0,11744
0,167,1226397108,559,1,-61,0,1,1,0000000000000000,0,11745
V=0
V=0
0,20180868,1226397112,56,1,-62,0,1,1,0000000000000000,0,11746
V=0
V=0
V=0
V=0
V=0
V=0
V=0
0,20180060,1226397129,804,1,-61,0,1,1,0000000000000000,0,11747
V=0
V=0
V=0
V=0
0,20180060,1226397130,309,1,-60,0,1,1,0000000000000000,0,11748
V=0
V=0
V=0
V=0
V=0
V=0
V=0
0,527,1226397149,810,1,-53,0,1,1,0000000000000000,0,11749
V=0
0,20181707,1226397147,554,1,-62,0,1,1,0000000000000000,0,11750
V=0
V=0
V=0
V=0
V=0
V=0
0,20187353,1226397163,57,1,-52,0,1,1,0000000000000000,0,11751
V=0
V=0
0,20182141,1226397164,811,1,-54,0,1,1,0000000000000000,0,11752
V=0
0,616,1226397170,822,1,-64,0,1,1,0000000000000000,0,11753
0,615,1226397172,72,1,-57,0,1,1,0000000000000000,0,11754
V=0
V=0
V=0
V=0
0,616,1226397172,60,1,-64,0,1,1,0000000000000000,0,11755
0,615,1226397173,71,1,-58,0,1,1,0000000000000000,0,11756
V=0
0,547,1226397178,811,1,-59,0,1,1,0000000000000000,0,11757
V=0
V=0
V=0
0,292,1226397184,565,1,-66,0,1,1,0000000000000000,0,11758
V=0
0,548,1226397187,318,1,-57,0,1,1,0000000000000000,0,11759
0,476,1226397187,321,1,-56,0,1,1,0000000000000000,0,11760
V=0
V=0
V=0
0,292,1226397189,521,1,-56,0,1,1,0000000000000000,0,11761
V=0
V=0
0,635,1226397196,565,1,-53,0,1,1,0000000000000000,0,11762
V=0
V=0
0,20182005,1226397202,57,1,-61,0,1,1,0000000000000000,0,11763
0,636,1226397197,56,1,-66,0,1,1,0000000000000000,0,11764
V=0
V=0
V=0
0,20182005,1226397205,312,1,-61,0,1,1,0000000000000000,0,11765
V=0
V=0
V=0
V=0
V=0
0,554,1226397212,560,1,-54,0,1,1,0000000000000000,0,11766
V=0
0,326,1226397218,986,1,-53,0,1,1,0000000000000000,0,11767
0,20180904,1226397218,991,1,-57,0,1,1,0000000000000000,0,11768
V=0
0,20180812,1226397219,309,1,-55,0,1,1,0000000000000000,0,11769
V=0
0,20182703,1226397221,563,1,-54,0,1,1,0000000000000000,0,11770
V=0
V=0
V=0
V=0
V=0
0,644,1226397234,796,1,-63,0,1,1,0000000000000000,0,11771
0,20180266,1226397230,59,1,-65,0,1,1,0000000000000000,0,11772
V=0
V=0
0,645,1226397236,518,1,-61,0,1,1,0000000000000000,0,11773
0,649,1226397236,796,1,-61,0,1,1,0000000000000000,0,11774
0,650,1226397236,480,1,-55,0,1,1,0000000000000000,0,11775
V=0
0,644,1226397241,71,1,-53,0,1,1,0000000000000000,0,11776
V=0
V=0
0,645,1226397242,816,1,-44,0,1,1,0000000000000000,0,11777
V=0
V=0
0,644,1226397242,574,1,-62,0,1,1,0000000000000000,0,11778
0,417,1226397246,587,1,-61,0,1,1,0000000000000000,0,11779
V=0
0,536,1226397249,60,1,-67,0,1,1,0000000000000000,0,11780
V=0
V=0
V=0
V=0
V=0
V=0
V=0
V=0
V=0
0,20181015,1226397270,62,1,-63,0,1,1,0000000000000000,0,11781
V=0
V=0
V=0
V=0
0,20181015,1226397272,315,1,-52,0,1,1,0000000000000000,0,11782
V=0
V=0
0,20180079,1226397277,316,1,-57,0,1,1,0000000000000000,0,11783
V=0
V=0
V=0
0,475,1226397285,564,1,-64,0,1,1,0000000000000000,0,11784
V=0
V=0
V=0
V=0
0,475,1226397290,819,1,-56,0,1,1,0000000000000000,0,11785
V=0
0,20160350,1226397296,70,1,-58,0,1,1,0000000000000000,0,11786
V=0
V=0
V=0
V=0
V=0
0,20181003,1226397307,72,1,-54,0,1,1,0000000000000000,0,11787
0,20181408,1226397304,80,1,-60,0,1,1,0000000000000000,0,11788
V=0
V=0
0,556,1226397306,575,1,-56,0,1,1,0000000000000000,0,11789
V=0
0,20181003,1226397307,323,1,-52,0,1,1,0000000000000000,0,11790
V=0
V=0
V=0
V=0
09:55:19 11-11-2018 (1226397319)
V=0
V=0
V=0
V=0
V=0
0,561,1226397322,259,1,-70,0,1,1,0000000000000000,0,11792
0,592,1226397328,350,1,-64,0,1,1,0000000000000000,0,11793
0,530,1226397328,350,1,-54,0,1,1,0000000000000000,0,11794
V=0
0,514,1226397325,378,1,-68,0,1,1,0000000000000000,0,11795
V=0
0,436,1226397328,842,1,-64,0,1,1,0000000000000000,0,11796
V=0
V=0
0,592,1226397335,846,1,-59,0,1,1,0000000000000000,0,11797
V=0
0,513,1226397337,599,1,-50,0,1,1,0000000000000000,0,11798
V=0
V=0
0,592,1226397343,596,1,-50,0,1,1,0000000000000000,0,11799
V=0
V=0
V=0
0,457,1226397346,604,1,-60,0,1,1,0000000000000000,0,11800
V=0
0,592,1226397344,97,1,-49,0,1,1,0000000000000000,0,11801
V=0
V=0
V=0
0,457,1226397349,847,1,-64,0,1,1,0000000000000000,0,11802
V=0
V=0
0,20160477,1226397355,838,1,-68,0,1,1,0000000000000000,0,11803
V=0
0,557,1226397361,96,1,-57,0,1,1,0000000000000000,0,11804
V=0
V=0
V=0
V=0
V=0
V=0
0,20181008,1226397372,847,1,-53,0,1,1,0000000000000000,0,11805
V=0
V=0
V=0
V=0
V=0
V=0
0,556,1226397382,846,1,-53,0,1,1,0000000000000000,0,11806
V=0
V=0
V=0
V=0
V=0
V=0
V=0
V=0
0,508,1226397402,90,1,-60,0,1,1,0000000000000000,0,11807
0,20180023,1226397396,855,1,-65,0,1,1,0000000000000000,0,11808
V=0
0,20181006,1226397401,357,1,-48,0,1,1,0000000000000000,0,11809
0,20180022,1226397400,328,1,-57,0,1,1,0000000000000000,0,11810
0,641,1226397400,610,1,-53,0,1,1,0000000000000000,0,11811
V=0
0,661,1226397401,829,1,-53,0,1,1,0000000000000000,0,11812
V=0
0,561,1226397408,347,1,-54,0,1,1,0000000000000000,0,11813
V=0
0,508,1226397405,101,1,-61,0,1,1,0000000000000000,0,11814
V=0
V=0
V=0
V=0
V=0
V=0
V=0
0,287,1226397421,601,1,-57,0,1,1,0000000000000000,0,11815
V=0
V=0
0,128,1226397429,100,1,-55,0,1,1,0000000000000000,0,11816
V=0
0,20181005,1226397424,852,1,-66,0,1,1,0000000000000000,0,11817
V=0
V=0
V=0
0,128,1226397430,105,1,-58,0,1,1,0000000000000000,0,11818
V=0
0,20180077,1226397437,350,1,-61,0,1,1,0000000000000000,0,11819
V=0
0,20180001,1226397437,349,1,-63,0,1,1,0000000000000000,0,11820
V=0
V=0
V=0
0,20180077,1226397441,100,1,-54,0,1,1,0000000000000000,0,11821
0,20180001,1226397441,609,1,-56,0,1,1,0000000000000000,0,11822
V=0
V=0
V=0
V=0
V=0
V=0
0,163,1226397459,850,1,-53,0,1,1,0000000000000000,0,11823
V=0
V=0
0,20160241,1226397460,601,1,-60,0,1,1,0000000000000000,0,11824
V=0
0,533,1226397462,605,1,-60,0,1,1,0000000000000000,0,11825
0,514,1226397462,350,1,-63,0,1,1,0000000000000000,0,11826
V=0
0,163,1226397460,860,1,-54,0,1,1,0000000000000000,0,11827
V=0
V=0
0,533,1226397466,309,1,-54,0,1,1,0000000000000000,0,11828
V=0
0,514,1226397467,354,1,-56,0,1,1,0000000000000000,0,11829
V=0
V=0
V=0
V=0
0,20160477,1226397475,853,1,-55,0,1,1,0000000000000000,0,11830
V=0
V=0
V=0
V=0
V=0
V=0
V=0
0,518,1226397489,345,1,-63,0,1,1,0000000000000000,0,11831
V=0
V=0
V=0
V=0
0,534,1226397497,850,1,-62,0,1,1,0000000000000000,0,11832
V=0
V=0
V=0
V=0
V=0
V=0
V=0
V=0
V=0
V=0
V=0
V=0
V=0
V=0
V=0
V=0
V=0
V=0
V=0
V=0
V=0
V=0
V=0
V=0
0,20180266,1226397547,855,1,-55,0,1,1,0000000000000000,0,11833
V=0
V=0
V=0
V=0
V=0
V=0
V=0
V=0
V=0
V=0
V=0
V=0
V=0
V=0
V=0
V=0
V=0
V=0
V=0
V=0
V=0
V=0
V=0
V=0
V=0
V=0
V=0
V=0
V=0
V=0
V=0
V=0
V=0
V=0
V=0
V=0
V=0
V=0
V=0
V=0
V=0
V=0
V=0
V=0
V=0
V=0
V=0
V=0
V=0
V=0
V=0
V=0
V=0
V=0
V=0
V=0
V=0
V=0
V=0
V=0
V=0
V=0
V=0
V=0
V=0
V=0
V=0
V=0
V=0
V=0
V=0
V=0
V=0
V=0
V=0
V=0
V=0
V=0
V=0
V=0
V=0
V=0
V=0
V=0
V=0
V=0
V=0
V=0
V=0
V=0
V=0
V=0
V=0
V=0
V=0
V=0
V=0
V=0
V=0
V=0
V=0
V=0
V=0
V=0
V=0
V=0
V=0
V=0
V=0
V=0
V=0
V=0
V=0
V=0
V=0
V=0
V=0
0,1223851,1226397781,612,1,-67,0,1,1,0000000000000000,0,11834
V=0
V=0
V=0
V=0
0,1223851,1226397788,610,1,-71,0,1,1,0000000000000000,0,11835
V=0
V=0
V=0
V=0
V=0
V=0
V=0
V=0
V=0
V=0
V=0
V=0
V=0
V=0
V=0
V=0
V=0
V=0
V=0
V=0
V=0
V=0
V=0
V=0
V=0
V=0
V=0
V=0
V=0
V=0
V=0
V=0
V=0
V=0
V=0
V=0
V=0
V=0
V=0
V=0
V=0
V=0
V=0
V=0
V=0
V=0
V=0
V=0
V=0
V=0
V=0
V=0
V=0
V=0
V=0
V=0
V=0
V=0
V=0
V=0
V=0
V=0
V=0
V=0
V=0
V=0
V=0
V=0
V=0
V=0
V=0
V=0
V=0
V=0
V=0
V=0
V=0
V=0
V=0
V=0
V=0
V=0
V=0
V=0
V=0
V=0
V=0
V=0
V=0
V=0
V=0
V=0
V=0
V=0
V=0
V=0
V=0
V=0
V=0
V=0
V=0
V=0
V=0
V=0
V=0
V=0
V=0
V=0
V=0
V=0
V=0
V=0
V=0
V=0
V=0
V=0
V=0
V=0
V=0
V=0
V=0
V=0
V=0
V=0
V=0
V=0
V=0
V=0
V=0
V=0
V=0
V=0
V=0
V=0
V=0
V=0
V=0
V=0
V=0
V=0
V=0
V=0
V=0
V=0
V=0
V=0
V=0
V=0
V=0
V=0
V=0
V=0
V=0
V=0
V=0
V=0
V=0
V=0
V=0
V=0
V=0
V=0
V=0
V=0
V=0
V=0
V=0
V=0
V=0
V=0
V=0
V=0
V=0
V=0
V=0
V=0
V=0
V=0
V=0
V=0
V=0
V=0
V=0
V=0
V=0
V=0
V=0
V=0
V=0
V=0
V=0
V=0
V=0
V=0
V=0
V=0
V=0
V=0
V=0
V=0
V=0
V=0
V=0
V=0
V=0
V=0
V=0
V=0
V=0
V=0
V=0
V=0
V=0
V=0
V=0
V=0
V=0
V=0
V=0
V=0
V=0
V=0
V=0
V=0
V=0
V=0
V=0
V=0
V=0
V=0
V=0
V=0
V=0
V=0
V=0
V=0
V=0
V=0
V=0
V=0
V=0
V=0
V=0
V=0
V=0
V=0
V=0
V=0
V=0
V=0
V=0
V=0
V=0
V=0
V=0
V=0
V=0
V=0
V=0
V=0
V=0
V=0
V=0
V=0
V=0
V=0
V=0
V=0
V=0
V=0
V=0
V=0
V=0
V=0
V=0
V=0
V=0
V=0
V=0
V=0
V=0
V=0
V=0
V=0
V=0
V=0
V=0
V=0
V=0
V=0
V=0
V=0
V=0
V=0
V=0
V=0
V=0
V=0
V=0
V=0
V=0
V=0
V=0
V=0
V=0
V=0
V=0
V=0
V=0
V=0
V=0
V=0
V=0
V=0
V=0
V=0
V=0
V=0
V=0
V=0
V=0
V=0
V=0
V=0
V=0
V=0
V=0
V=0
V=0
V=0
V=0
V=0
V=0
V=0
V=0
V=0
V=0
V=0
V=0
V=0
V=0
V=0
V=0
V=0
V=0
V=0
V=0
V=0
V=0
V=0
V=0
V=0
V=0
V=0
V=0
V=0
V=0
V=0
V=0
V=0
V=0
V=0
V=0
V=0
V=0
V=0
V=0
V=0
V=0
V=0
V=0
V=0
V=0
V=0
V=0
V=0
V=0
V=0
V=0
V=0
V=0
V=0
V=0
V=0
V=0
V=0
V=0
V=0
V=0
V=0
V=0
V=0
V=0
V=0
V=0
V=0
V=0
V=0
V=0
V=0
V=0
V=0
V=0
V=0
V=0
V=0
V=0
V=0
V=0
V=0
V=0
V=0
V=0
V=0
V=0
V=0
V=0
V=0
V=0
V=0
V=0
V=0
V=0
V=0
0,260,1226398637,152,1,-61,0,1,1,0000000000000000,0,11836
V=0
V=0
V=0
V=0
V=0
V=0
V=0
V=0
0,20160004,1226398650,909,1,-63,0,1,1,0000000000000000,0,11837
0,651,1226398651,653,1,-59,0,1,1,0000000000000000,0,11838
V=0
V=0
V=0
V=0
V=0
V=0
V=0
V=0
0,20180001,1226398669,696,1,-53,0,1,1,0000000000000000,0,11839
V=0
0,325,1226398669,416,1,-63,0,1,1,0000000000000000,0,11840
V=0
V=0
V=0
V=0
0,327,1226398679,903,1,-60,0,1,1,0000000000000000,0,11841
V=0
V=0
V=0
0,128,1226398684,159,1,-64,0,1,1,0000000000000000,0,11842
V=0
V=0
V=0
V=0
V=0
V=0
V=0
V=0
V=0
0,550,1226398703,405,1,-62,0,1,1,0000000000000000,0,11843
V=0
V=0
V=0
V=0
V=0
V=0
0,20160082,1226398714,152,1,-63,0,1,1,0000000000000000,0,11844
V=0
V=0
0,20183011,1226398720,158,1,-52,0,1,1,0000000000000000,0,11845
V=0
V=0
V=0
V=0
V=0
0,136,1226398730,157,1,-56,0,1,1,0000000000000000,0,11846
V=0
V=0
V=0
0,649,1226398735,654,1,-62,0,1,1,0000000000000000,0,11847
V=0
V=0
V=0
0,225,1226398741,161,1,-60,0,1,1,0000000000000000,0,11848
0,54633,1226398741,161,1,-63,0,1,1,0000000000000000,0,11849
V=0
V=0
0,354,1226398744,406,1,-62,0,1,1,0000000000000000,0,11850
V=0
V=0
V=0
V=0
V=0
0,20181887,1226398756,164,1,-56,0,1,1,0000000000000000,0,11851
0,20180077,1226398757,158,1,-56,0,1,1,0000000000000000,0,11852
V=0
V=0
V=0
V=0
V=0
V=0
0,619,1226398767,162,1,-60,0,1,1,0000000000000000,0,11853
V=0
V=0
0,20160298,1226398770,906,1,-60,0,1,1,0000000000000000,0,11854
V=0
0,297,1226398773,158,1,-60,0,1,1,0000000000000000,0,11855
V=0
0,6935860,1226398773,418,1,-64,0,1,1,0000000000000000,0,11856
0,412,1226398773,917,1,-56,0,1,1,0000000000000000,0,11857
0,20180027,1226398775,924,1,-58,0,1,1,0000000000000000,0,11858
0,20180046,1226398776,349,1,-54,0,1,1,0000000000000000,0,11859
0,20181005,1226398776,347,1,-59,0,1,1,0000000000000000,0,11860
V=0
V=0
V=0
V=0
0,534,1226398782,408,1,-61,0,1,1,0000000000000000,0,11861
V=0
V=0
V=0
V=0
V=0
V=0
V=0
V=0
0,557,1226398799,160,1,-61,0,1,1,0000000000000000,0,11862
V=0
0,172,1226398801,909,1,-60,0,1,1,0000000000000000,0,11863
V=0
0,96,1226398803,406,1,-69,0,1,1,0000000000000000,0,11864
V=0
0,364,1226398805,410,1,-59,0,1,1,0000000000000000,0,11865
V=0
V=0
V=0
V=0
V=0
0,463,1226398813,910,1,-63,0,1,1,0000000000000000,0,11866
V=0
0,489,1226398819,434,1,-60,0,1,1,0000000000000000,0,11867
V=0
0,556,1226398819,168,1,-57,0,1,1,0000000000000000,0,11868
0,569,1226398820,916,1,-56,0,1,1,0000000000000000,0,11869
V=0
0,562,1226398822,165,1,-60,0,1,1,0000000000000000,0,11870
V=0
0,20180972,1226398824,914,1,-57,0,1,1,0000000000000000,0,11871
0,83,1226398823,911,1,-61,0,1,1,0000000000000000,0,11872
V=0
0,20180025,1226398826,915,1,-58,0,1,1,0000000000000000,0,11873
V=0
0,512,1226398827,172,1,-61,0,1,1,0000000000000000,0,11874
V=0
0,485,1226398830,614,1,-61,0,1,1,0000000000000000,0,11875
0,20180079,1226398828,423,1,-69,0,1,1,0000000000000000,0,11876
V=0
0,181,1226398831,380,1,-57,0,1,1,0000000000000000,0,11877
0,20189999,1226398831,669,1,-57,0,1,1,0000000000000000,0,11878
0,188,1226398831,922,1,-60,0,1,1,0000000000000000,0,11879
0,387,1226398832,909,1,-64,0,1,1,0000000000000000,0,11880
V=0
V=0
V=0
0,539,1226398839,188,1,-60,0,1,1,0000000000000000,0,11881
V=0
V=0
V=0
V=0
0,522,1226398846,661,1,-57,0,1,1,0000000000000000,0,11882
V=0
0,168,1226398845,431,1,-62,0,1,1,0000000000000000,0,11883
V=0
0,20185555,1226398848,917,1,-58,0,1,1,0000000000000000,0,11884
V=0
0,314,1226398852,914,1,-62,0,1,1,0000000000000000,0,11885
V=0
0,20181707,1226398853,913,1,-59,0,1,1,0000000000000000,0,11886
V=0
0,20160034,1226398855,660,1,-59,0,1,1,0000000000000000,0,11887
V=0
0,558,1226398857,419,1,-60,0,1,1,0000000000000000,0,11888
V=0
V=0
0,369,1226398862,420,1,-55,0,1,1,0000000000000000,0,11889
V=0
0,626,1226398862,670,1,-63,0,1,1,0000000000000000,0,11890
V=0
0,117,1226398865,664,1,-58,0,1,1,0000000000000000,0,11891
V=0
V=0
0,536,1226398871,433,1,-66,0,1,1,0000000000000000,0,11892
0,289,1226398871,176,1,-61,0,1,1,0000000000000000,0,11893
V=0
0,20181512,1226398870,664,1,-58,0,1,1,0000000000000000,0,11894
V=0
0,20182408,1226398874,679,1,-56,0,1,1,0000000000000000,0,11895
0,20180066,1226398871,917,1,-66,0,1,1,0000000000000000,0,11896
V=0
0,445,1226398874,675,1,-61,0,1,1,0000000000000000,0,11897
V=0
V=0
0,20181007,1226398879,925,1,-58,0,1,1,0000000000000000,0,11898
0,637,1226398879,419,1,-58,0,1,1,0000000000000000,0,11899
V=0
0,20181506,1226398883,637,1,-53,0,1,1,0000000000000000,0,11900
0,20180040,1226398883,173,1,-54,0,1,1,0000000000000000,0,11901
V=0
0,618,1226398882,163,1,-65,0,1,1,0000000000000000,0,11902
0,486,1226398881,928,1,-72,0,1,1,0000000000000000,0,11903
V=0
0,251,1226398884,919,1,-60,0,1,1,0000000000000000,0,11904
0,425,1226398886,666,1,-60,0,1,1,0000000000000000,0,11905
V=0
0,605,1226398886,918,1,-65,0,1,1,0000000000000000,0,11906
V=0
V=0
0,612,1226398893,666,1,-59,0,1,1,0000000000000000,0,11907
V=0
V=0
0,20181102,1226398895,918,1,-62,0,1,1,0000000000000000,0,11908
V=0
0,20180071,1226398899,931,1,-52,0,1,1,0000000000000000,0,11909
V=0
0,20182806,1226398901,639,1,-55,0,1,1,0000000000000000,0,11910
V=0
0,20181104,1226398898,918,1,-68,0,1,1,0000000000000000,0,11911
0,173,1226398901,640,1,-61,0,1,1,0000000000000000,0,11912
0,467,1226398899,672,1,-66,0,1,1,0000000000000000,0,11913
V=0
0,427,1226398903,916,1,-60,0,1,1,0000000000000000,0,11914
V=0
0,20160988,1226398905,923,1,-55,0,1,1,0000000000000000,0,11915
V=0
0,175,1226398907,675,1,-55,0,1,1,0000000000000000,0,11916
0,650,1226398908,631,1,-61,0,1,1,0000000000000000,0,11917
V=0
V=0
V=0
V=0
V=0
0,508,1226398919,921,1,-57,0,1,1,0000000000000000,0,11918
V=0
V=0
0,564,1226398922,922,1,-58,0,1,1,0000000000000000,0,11919
V=0
0,553,1226398924,180,1,-60,0,1,1,0000000000000000,0,11920
0,351,1226398924,633,1,-61,0,1,1,0000000000000000,0,11921
V=0
V=0
0,288,1226398927,917,1,-62,0,1,1,0000000000000000,0,11922
V=0
0,671,1226398929,920,1,-55,0,1,1,0000000000000000,0,11923
0,20160012,1226398929,924,1,-60,0,1,1,0000000000000000,0,11924
0,617,1226398932,174,1,-55,0,1,1,0000000000000000,0,11925
V=0
V=0
0,326,1226398932,175,1,-59,0,1,1,0000000000000000,0,11926
0,382,1226398931,182,1,-71,0,1,1,0000000000000000,0,11927
0,473,1226398934,668,1,-57,0,1,1,0000000000000000,0,11928
0,20180073,1226398933,927,1,-57,0,1,1,0000000000000000,0,11929
V=0
0,608,1226398936,177,1,-58,0,1,1,0000000000000000,0,11930
V=0
0,634,1226398939,434,1,-56,0,1,1,0000000000000000,0,11931
0,641,1226398938,429,1,-54,0,1,1,0000000000000000,0,11932
0,636,1226398938,392,1,-56,0,1,1,0000000000000000,0,11933
V=0
0,20181022,1226398942,135,1,-47,0,1,1,0000000000000000,0,11934
0,20181517,1226398941,155,1,-54,0,1,1,0000000000000000,0,11935
V=0
0,672,1226398941,678,1,-62,0,1,1,0000000000000000,0,11936
V=0
0,20181006,1226398944,922,1,-55,0,1,1,0000000000000000,0,11937
0,280,1226398944,166,1,-61,0,1,1,0000000000000000,0,11938
0,551,1226398944,169,1,-64,0,1,1,0000000000000000,0,11939
V=0
0,20160294,1226398948,442,1,-58,0,1,1,0000000000000000,0,11940
0,479,1226398948,669,1,-53,0,1,1,0000000000000000,0,11941
V=0
V=0
0,20160014,1226398948,176,1,-61,0,1,1,0000000000000000,0,11942
V=0
V=0
0,20182607,1226398955,597,1,-58,0,1,1,0000000000000000,0,11943
0,20180998,1226398955,589,1,-58,0,1,1,0000000000000000,0,11944
V=0
0,20160075,1226398956,175,1,-57,0,1,1,0000000000000000,0,11945
V=0
0,20182204,1226398958,933,1,-57,0,1,1,0000000000000000,0,11946
0,521,1226398959,928,1,-56,0,1,1,0000000000000000,0,11947
V=0
0,20181973,1226398960,430,1,-61,0,1,1,0000000000000000,0,11948
0,20181207,1226398961,676,1,-57,0,1,1,0000000000000000,0,11949
V=0
0,504,1226398966,434,1,-61,0,1,1,0000000000000000,0,11950
V=0
V=0
0,20180002,1226398965,176,1,-60,0,1,1,0000000000000000,0,11951
0,20180213,1226398967,935,1,-52,0,1,1,0000000000000000,0,11952
V=0
0,639,1226398965,673,1,-70,0,1,1,0000000000000000,0,11953
0,211,1226398967,198,1,-66,0,1,1,0000000000000000,0,11954
0,469,1226398969,893,1,-61,0,1,1,0000000000000000,0,11955
V=0
0,504,1226398969,172,1,-51,0,1,1,0000000000000000,0,11956
0,170,1226398968,625,1,-59,0,1,1,0000000000000000,0,11957
0,179,1226398969,678,1,-55,0,1,1,0000000000000000,0,11958
V=0
0,456,1226398971,421,1,-59,0,1,1,0000000000000000,0,11959
V=0
0,368,1226398972,938,1,-58,0,1,1,0000000000000000,0,11960
0,264,1226398974,856,1,-58,0,1,1,0000000000000000,0,11961
0,340,1226398973,674,1,-61,0,1,1,0000000000000000,0,11962
0,547,1226398975,847,1,-59,0,1,1,0000000000000000,0,11963
V=0
0,483,1226398975,850,1,-61,0,1,1,0000000000000000,0,11964
0,20160350,1226398976,155,1,-62,0,1,1,0000000000000000,0,11965
V=0
0,629,1226398977,922,1,-57,0,1,1,0000000000000000,0,11966
V=0
V=0
0,523,1226398983,677,1,-56,0,1,1,0000000000000000,0,11967
0,625,1226398983,425,1,-60,0,1,1,0000000000000000,0,11968
V=0
V=0
V=0
0,105,1226398988,180,1,-57,0,1,1,0000000000000000,0,11969
0,452,1226398991,176,1,-56,0,1,1,0000000000000000,0,11970
V=0
0,20160180,1226398989,412,1,-59,0,1,1,0000000000000000,0,11971
0,527,1226398991,671,1,-63,0,1,1,0000000000000000,0,11972
V=0
0,506,1226398991,673,1,-62,0,1,1,0000000000000000,0,11973
0,543,1226398993,672,1,-56,0,1,1,0000000000000000,0,11974
V=0
V=0
0,20181010,1226398995,421,1,-58,0,1,1,0000000000000000,0,11975
V=0
V=0
0,487,1226398999,176,1,-58,0,1,1,0000000000000000,0,11976
0,20181205,1226399001,184,1,-58,0,1,1,0000000000000000,0,11977
0,110,1226398999,684,1,-59,0,1,1,0000000000000000,0,11978
V=0
0,680,1226399001,670,1,-61,0,1,1,0000000000000000,0,11979
V=0
V=0
0,20181711,1226399006,670,1,-49,0,1,1,0000000000000000,0,11980
V=0
0,674,1226399006,921,1,-59,0,1,1,0000000000000000,0,11981
V=0
0,20180099,1226399008,672,1,-59,0,1,1,0000000000000000,0,11982
0,20182606,1226399011,433,1,-54,0,1,1,0000000000000000,0,11983
V=0
0,20181212,1226399009,920,1,-67,0,1,1,0000000000000000,0,11984
0,355,1226399011,432,1,-55,0,1,1,0000000000000000,0,11985
V=0
V=0
0,540,1226399017,173,1,-60,0,1,1,0000000000000000,0,11986
V=0
0,604,1226399019,924,1,-59,0,1,1,0000000000000000,0,11987
0,20181024,1226399018,181,1,-57,0,1,1,0000000000000000,0,11988
V=0
0,20181109,1226399022,598,1,-60,0,1,1,0000000000000000,0,11989
V=0
0,563,1226399024,804,1,-52,0,1,1,0000000000000000,0,11990
0,662,1226399021,931,1,-58,0,1,1,0000000000000000,0,11991
0,664,1226399020,684,1,-59,0,1,1,0000000000000000,0,11992
0,20161103,1226399024,785,1,-52,0,1,1,0000000000000000,0,11993
V=0
0,20184444,1226399022,426,1,-56,0,1,1,0000000000000000,0,11994
0,118,1226399022,599,1,-57,0,1,1,0000000000000000,0,11995
0,20180049,1226399023,838,1,-60,0,1,1,0000000000000000,0,11996
V=0
0,20182809,1226399025,110,1,-60,0,1,1,0000000000000000,0,11997
0,20160273,1226399027,912,1,-56,0,1,1,0000000000000000,0,11998
V=0
0,20181009,1226399026,932,1,-60,0,1,1,0000000000000000,0,11999
0,20180868,1226399026,897,1,-60,0,1,1,0000000000000000,0,12000
0,459,1226399029,935,1,-53,0,1,1,0000000000000000,0,12001
V=0
0,401,1226399028,658,1,-58,0,1,1,0000000000000000,0,12002
0,20181014,1226399031,435,1,-57,0,1,1,0000000000000000,0,12003
0,20183103,1226399030,926,1,-57,0,1,1,0000000000000000,0,12004
V=0
0,571,1226399031,933,1,-62,0,1,1,0000000000000000,0,12005
0,20160202,1226399031,934,1,-61,0,1,1,0000000000000000,0,12006
V=0
V=0
0,129,1226399034,887,1,-64,0,1,1,0000000000000000,0,12007
0,236,1226399036,606,1,-57,0,1,1,0000000000000000,0,12008
0,654,1226399037,889,1,-59,0,1,1,0000000000000000,0,12009
V=0
0,20180812,1226399037,898,1,-57,0,1,1,0000000000000000,0,12010
V=0
0,329,1226399041,174,1,-57,0,1,1,0000000000000000,0,12011
V=0
0,517,1226399040,430,1,-62,0,1,1,0000000000000000,0,12012
V=0
0,453,1226399044,426,1,-53,0,1,1,0000000000000000,0,12013
V=0
0,366,1226399048,928,1,-55,0,1,1,0000000000000000,0,12014
0,20187353,1226399049,142,1,-55,0,1,1,0000000000000000,0,12015
V=0
0,20180022,1226399047,931,1,-57,0,1,1,0000000000000000,0,12016
0,20160210,1226399048,819,1,-58,0,1,1,0000000000000000,0,12017
V=0
0,541,1226399052,325,1,-52,0,1,1,0000000000000000,0,12018
0,20180600,1226399051,143,1,-55,0,1,1,0000000000000000,0,12019
V=0
0,20160189,1226399052,107,1,-57,0,1,1,0000000000000000,0,12020
V=0
0,20180983,1226399054,183,1,-54,0,1,1,0000000000000000,0,12021
0,682,1226399056,178,1,-55,0,1,1,0000000000000000,0,12022
0,20181171,1226399052,929,1,-56,0,1,1,0000000000000000,0,12023
0,490,1226399055,137,1,-59,0,1,1,0000000000000000,0,12024
V=0
0,250,1226399056,888,1,-57,0,1,1,0000000000000000,0,12025
0,20160356,1226399057,616,1,-59,0,1,1,0000000000000000,0,12026
V=0
0,167,1226399056,405,1,-64,0,1,1,0000000000000000,0,12027
0,243,1226399056,876,1,-62,0,1,1,0000000000000000,0,12028
0,338,1226399057,632,1,-63,0,1,1,0000000000000000,0,12029
V=0
0,567,1226399059,181,1,-58,0,1,1,0000000000000000,0,12030
V=0
V=0
0,361,1226399064,423,1,-64,0,1,1,0000000000000000,0,12031
0,20180024,1226399066,178,1,-57,0,1,1,0000000000000000,0,12032
V=0
V=0
V=0
0,20181806,1226399070,175,1,-59,0,1,1,0000000000000000,0,12033
V=0
0,470,1226399072,433,1,-59,0,1,1,0000000000000000,0,12034
V=0
0,565,1226399076,421,1,-56,0,1,1,0000000000000000,0,12035
0,20185388,1226399076,188,1,-54,0,1,1,0000000000000000,0,12036
V=0
V=0
V=0
0,20160274,1226399078,926,1,-62,0,1,1,0000000000000000,0,12037
0,20180080,1226399081,690,1,-61,0,1,1,0000000000000000,0,12038
V=0
0,20160546,1226399084,148,1,-51,0,1,1,0000000000000000,0,12039
0,653,1226399080,930,1,-65,0,1,1,0000000000000000,0,12040
V=0
0,545,1226399083,633,1,-62,0,1,1,0000000000000000,0,12041
0,20181408,1226399085,663,1,-59,0,1,1,0000000000000000,0,12042
0,20182812,1226399083,637,1,-63,0,1,1,0000000000000000,0,12043
0,20182108,1226399085,933,1,-50,0,1,1,0000000000000000,0,12044
V=0
0,20180174,1226399086,424,1,-57,0,1,1,0000000000000000,0,12045
V=0
0,20180009,1226399088,396,1,-57,0,1,1,0000000000000000,0,12046
V=0
0,20182007,1226399088,394,1,-54,0,1,1,0000000000000000,0,12047
V=0
V=0
V=0
V=0
0,20180023,1226399096,174,1,-62,0,1,1,0000000000000000,0,12048
0,20160477,1226399097,934,1,-58,0,1,1,0000000000000000,0,12049
0,263,1226399099,927,1,-63,0,1,1,0000000000000000,0,12050
V=0
V=0
V=0
V=0
V=0
0,442,1226399107,705,1,-56,0,1,1,0000000000000000,0,12051
V=0
0,648,1226399107,931,1,-72,0,1,1,0000000000000000,0,12052
V=0
0,661,1226399111,430,1,-57,0,1,1,0000000000000000,0,12053
0,379,1226399112,927,1,-61,0,1,1,0000000000000000,0,12054
V=0
V=0
0,20181027,1226399118,656,1,-53,0,1,1,0000000000000000,0,12055
V=0
0,20180904,1226399118,185,1,-56,0,1,1,0000000000000000,0,12056
V=0
V=0
0,380,1226399122,932,1,-60,0,1,1,0000000000000000,0,12057
0,20181412,1226399124,367,1,-47,0,1,1,0000000000000000,0,12058
0,194,1226399124,173,1,-55,0,1,1,0000000000000000,0,12059
0,20181603,1226399124,426,1,-61,0,1,1,0000000000000000,0,12060
V=0
0,474,1226399124,615,1,-59,0,1,1,0000000000000000,0,12061
0,20160201,1226399123,109,1,-61,0,1,1,0000000000000000,0,12062
0,190,1226399123,894,1,-64,0,1,1,0000000000000000,0,12063
0,20182980,1226399127,429,1,-58,0,1,1,0000000000000000,0,12064
V=0
0,670,1226399129,158,1,-59,0,1,1,0000000000000000,0,12065
0,20180131,1226399125,443,1,-60,0,1,1,0000000000000000,0,12066
0,417,1226399127,69,1,-59,0,1,1,0000000000000000,0,12067
V=0
0,20182105,1226399128,699,1,-52,0,1,1,0000000000000000,0,12068
0,471,1226399129,155,1,-55,0,1,1,0000000000000000,0,12069
V=0
0,156,1226399130,684,1,-55,0,1,1,0000000000000000,0,12070
0,219,1226399130,190,1,-54,0,1,1,0000000000000000,0,12071
V=0
V=0
0,20160020,1226399135,687,1,-59,0,1,1,0000000000000000,0,12072
V=0
0,681,1226399139,384,1,-57,0,1,1,0000000000000000,0,12073
V=0
0,389,1226399138,124,1,-59,0,1,1,0000000000000000,0,12074
V=0
0,20160065,1226399141,949,1,-59,0,1,1,0000000000000000,0,12075
0,20182005,1226399138,934,1,-63,0,1,1,0000000000000000,0,12076
0,560,1226399139,382,1,-65,0,1,1,0000000000000000,0,12077
V=0
0,466,1226399142,673,1,-62,0,1,1,0000000000000000,0,12078
0,232,1226399143,347,1,-58,0,1,1,0000000000000000,0,12079
V=0
0,20180212,1226399144,607,1,-56,0,1,1,0000000000000000,0,12080
0,20180511,1226399146,934,1,-52,0,1,1,0000000000000000,0,12081
V=0
0,20188687,1226399145,133,1,-57,0,1,1,0000000000000000,0,12082
0,204,1226399145,676,1,-54,0,1,1,0000000000000000,0,12083
0,632,1226399147,660,1,-58,0,1,1,0000000000000000,0,12084
V=0
0,304,1226399151,393,1,-56,0,1,1,0000000000000000,0,12085
V=0
0,20181127,1226399147,194,1,-64,0,1,1,0000000000000000,0,12086
0,228,1226399150,436,1,-59,0,1,1,0000000000000000,0,12087
0,513,1226399154,141,1,-55,0,1,1,0000000000000000,0,12088
V=0
V=0
0,208,1226399154,142,1,-62,0,1,1,0000000000000000,0,12089
0,20160507,1226399154,691,1,-53,0,1,1,0000000000000000,0,12090
0,570,1226399155,385,1,-60,0,1,1,0000000000000000,0,12091
V=0
0,501,1226399156,376,1,-53,0,1,1,0000000000000000,0,12092
0,358,1226399156,693,1,-50,0,1,1,0000000000000000,0,12093
0,229,1226399156,371,1,-56,0,1,1,0000000000000000,0,12094
V=0
0,548,1226399158,889,1,-55,0,1,1,0000000000000000,0,12095
0,20181008,1226399161,873,1,-57,0,1,1,0000000000000000,0,12096
V=0
0,20182711,1226399159,195,1,-56,0,1,1,0000000000000000,0,12097
V=0
0,433,1226399160,929,1,-65,0,1,1,0000000000000000,0,12098
0,643,1226399164,835,1,-56,0,1,1,0000000000000000,0,12099
0,91,1226399162,907,1,-55,0,1,1,0000000000000000,0,12100
V=0
0,20180032,1226399164,440,1,-60,0,1,1,0000000000000000,0,12101
V=0
0,640,1226399166,439,1,-52,0,1,1,0000000000000000,0,12102
0,457,1226399167,121,1,-61,0,1,1,0000000000000000,0,12103
0,192,1226399168,927,1,-57,0,1,1,0000000000000000,0,12104
V=0
0,295,1226399168,903,1,-62,0,1,1,0000000000000000,0,12105
V=0
0,19,1226399170,446,1,-53,0,1,1,0000000000000000,0,12106
0,430,1226399172,426,1,-54,0,1,1,0000000000000000,0,12107
0,20180310,1226399171,655,1,-62,0,1,1,0000000000000000,0,12108
V=0
V=0
0,20181576,1226399176,189,1,-49,0,1,1,0000000000000000,0,12109
V=0
0,318,1226399176,936,1,-59,0,1,1,0000000000000000,0,12110
0,20181976,1226399176,935,1,-56,0,1,1,0000000000000000,0,12111
V=0
V=0
0,468,1226399179,681,1,-60,0,1,1,0000000000000000,0,12112
V=0
0,20180902,1226399185,684,1,-55,0,1,1,0000000000000000,0,12113
0,20180056,1226399182,663,1,-55,0,1,1,0000000000000000,0,12114
0,673,1226399185,893,1,-62,0,1,1,0000000000000000,0,12115
0,424,1226399182,663,1,-62,0,1,1,0000000000000000,0,12116
V=0
0,359,1226399184,68,1,-54,0,1,1,0000000000000000,0,12117
0,455,1226399185,663,1,-55,0,1,1,0000000000000000,0,12118
0,20181015,1226399182,183,1,-62,0,1,1,0000000000000000,0,12119
V=0
0,198,1226399186,913,1,-61,0,1,1,0000000000000000,0,12120
0,20181070,1226399188,169,1,-54,0,1,1,0000000000000000,0,12121
0,249,1226399188,168,1,-62,0,1,1,0000000000000000,0,12122
V=0
0,561,1226399189,936,1,-55,0,1,1,0000000000000000,0,12123
V=0
0,515,1226399190,686,1,-56,0,1,1,0000000000000000,0,12124
0,317,1226399189,394,1,-60,0,1,1,0000000000000000,0,12125
0,51,1226399192,924,1,-55,0,1,1,0000000000000000,0,12126
V=0
0,52,1226399192,923,1,-60,0,1,1,0000000000000000,0,12127
V=0
0,20160217,1226399194,144,1,-57,0,1,1,0000000000000000,0,12128
0,20180242,1226399194,144,1,-59,0,1,1,0000000000000000,0,12129
V=0
0,64,1226399196,187,1,-59,0,1,1,0000000000000000,0,12130
0,20181071,1226399197,438,1,-57,0,1,1,0000000000000000,0,12131
V=0
0,20160026,1226399197,917,1,-60,0,1,1,0000000000000000,0,12132
V=0
0,279,1226399199,684,1,-56,0,1,1,0000000000000000,0,12133
0,503,1226399201,863,1,-62,0,1,1,0000000000000000,0,12134
0,1223851,1226399205,429,1,-60,0,1,1,0000000000000000,0,12135
V=0
0,537,1226399202,700,1,-52,0,1,1,0000000000000000,0,12136
0,20160606,1226399203,681,1,-58,0,1,1,0000000000000000,0,12137
V=0
0,20180801,1226399204,686,1,-58,0,1,1,0000000000000000,0,12138
0,20180815,1226399205,185,1,-60,0,1,1,0000000000000000,0,12139
V=0
V=0
0,138,1226399210,623,1,-58,0,1,1,0000000000000000,0,12140
V=0
0,20182012,1226399212,403,1,-58,0,1,1,0000000000000000,0,12141
0,45,1226399211,574,1,-60,0,1,1,0000000000000000,0,12142
V=0
0,20180767,1226399213,127,1,-59,0,1,1,0000000000000000,0,12143
0,454,1226399214,675,1,-61,0,1,1,0000000000000000,0,12144
0,484,1226399215,410,1,-61,0,1,1,0000000000000000,0,12145
0,391,1226399213,417,1,-58,0,1,1,0000000000000000,0,12146
V=0
0,538,1226399215,408,1,-58,0,1,1,0000000000000000,0,12147
V=0
0,341,1226399218,185,1,-53,0,1,1,0000000000000000,0,12148
0,406,1226399215,594,1,-57,0,1,1,0000000000000000,0,12149
0,400,1226399215,411,1,-51,0,1,1,0000000000000000,0,12150
0,114,1226399218,838,1,-58,0,1,1,0000000000000000,0,12151
0,20160146,1226399216,361,1,-62,0,1,1,0000000000000000,0,12152
0,145,1226399217,705,1,-57,0,1,1,0000000000000000,0,12153
V=0
V=0
0,20180093,1226399220,366,1,-52,0,1,1,0000000000000000,0,12154
0,176,1226399219,189,1,-54,0,1,1,0000000000000000,0,12155
0,20182305,1226399222,343,1,-50,0,1,1,0000000000000000,0,12156
0,20181668,1226399221,185,1,-48,0,1,1,0000000000000000,0,12157
V=0
0,20180231,1226399223,709,1,-57,0,1,1,0000000000000000,0,12158
0,20182761,1226399222,943,1,-57,0,1,1,0000000000000000,0,12159
V=0
V=0
0,696,1226399227,689,1,-56,0,1,1,0000000000000000,0,12160
0,462,1226399224,189,1,-58,0,1,1,0000000000000000,0,12161
0,20180711,1226399228,126,1,-50,0,1,1,0000000000000000,0,12162
V=0
0,665,1226399231,389,1,-52,0,1,1,0000000000000000,0,12163
V=0
0,443,1226399229,400,1,-58,0,1,1,0000000000000000,0,12164
0,20180042,1226399231,431,1,-57,0,1,1,0000000000000000,0,12165
V=0
0,395,1226399230,870,1,-60,0,1,1,0000000000000000,0,12166
0,429,1226399233,193,1,-53,0,1,1,0000000000000000,0,12167
0,90,1226399232,90,1,-64,0,1,1,0000000000000000,0,12168
0,20181012,1226399233,684,1,-55,0,1,1,0000000000000000,0,12169
V=0
0,396,1226399232,89,1,-59,0,1,1,0000000000000000,0,12170
V=0
0,607,1226399237,438,1,-61,0,1,1,0000000000000000,0,12171
0,495,1226399238,905,1,-56,0,1,1,0000000000000000,0,12172
V=0
0,20160094,1226399240,136,1,-56,0,1,1,0000000000000000,0,12173
V=0
0,92,1226399240,438,1,-55,0,1,1,0000000000000000,0,12174
0,313,1226399240,934,1,-59,0,1,1,0000000000000000,0,12175
V=0
V=0
0,103,1226399247,451,1,-56,0,1,1,0000000000000000,0,12176
V=0
V=0
0,472,1226399249,371,1,-54,0,1,1,0000000000000000,0,12177
V=0
0,53,1226399248,189,1,-60,0,1,1,0000000000000000,0,12178
0,519,1226399250,442,1,-56,0,1,1,0000000000000000,0,12179
0,20181905,1226399250,942,1,-50,0,1,1,0000000000000000,0,12180
V=0
0,491,1226399252,450,1,-57,0,1,1,0000000000000000,0,12181
0,20160408,1226399250,941,1,-60,0,1,1,0000000000000000,0,12182
V=0
0,119,1226399256,164,1,-58,0,1,1,0000000000000000,0,12183
0,438,1226399255,355,1,-58,0,1,1,0000000000000000,0,12184
0,20184001,1226399256,201,1,-59,0,1,1,0000000000000000,0,12185
V=0
V=0
0,431,1226399259,169,1,-57,0,1,1,0000000000000000,0,12186
0,426,1226399258,874,1,-59,0,1,1,0000000000000000,0,12187
0,554,1226399258,873,1,-54,0,1,1,0000000000000000,0,12188
V=0
0,346,1226399259,690,1,-58,0,1,1,0000000000000000,0,12189
V=0
0,20181261,1226399261,889,1,-56,0,1,1,0000000000000000,0,12190
0,141,1226399262,899,1,-59,0,1,1,0000000000000000,0,12191
0,421,1226399263,693,1,-59,0,1,1,0000000000000000,0,12192
V=0
V=0
0,410,1226399267,446,1,-55,0,1,1,0000000000000000,0,12193
0,446,1226399267,896,1,-58,0,1,1,0000000000000000,0,12194
V=0
0,252,1226399269,933,1,-59,0,1,1,0000000000000000,0,12195
V=0
0,635,1226399270,655,1,-53,0,1,1,0000000000000000,0,12196
0,461,1226399272,399,1,-56,0,1,1,0000000000000000,0,12197
V=0
0,20180912,1226399273,697,1,-58,0,1,1,0000000000000000,0,12198
0,526,1226399273,690,1,-60,0,1,1,0000000000000000,0,12199
0,402,1226399271,443,1,-62,0,1,1,0000000000000000,0,12200
V=0
0,663,1226399272,951,1,-62,0,1,1,0000000000000000,0,12201
0,520,1226399274,695,1,-58,0,1,1,0000000000000000,0,12202
0,21410,1226399272,950,1,-65,0,1,1,0000000000000000,0,12203
V=0
0,43,1226399274,909,1,-66,0,1,1,0000000000000000,0,12204
0,108,1226399277,686,1,-52,0,1,1,0000000000000000,0,12205
0,363,1226399278,121,1,-56,0,1,1,0000000000000000,0,12206
V=0
0,20181983,1226399276,684,1,-60,0,1,1,0000000000000000,0,12207
0,20160500,1226399280,893,1,-61,0,1,1,0000000000000000,0,12208
0,646,1226399281,884,1,-56,0,1,1,0000000000000000,0,12209
0,306,1226399278,815,1,-65,0,1,1,0000000000000000,0,12210
0,530,1226399278,847,1,-57,0,1,1,0000000000000000,0,12211
V=0
0,349,1226399281,392,1,-61,0,1,1,0000000000000000,0,12212
0,347,1226399282,530,1,-53,0,1,1,0000000000000000,0,12213
0,107,1226399281,432,1,-61,0,1,1,0000000000000000,0,12214
V=0
0,657,1226399283,933,1,-56,0,1,1,0000000000000000,0,12215
V=0
0,683,1226399283,142,1,-62,0,1,1,0000000000000000,0,12216
0,244,1226399284,446,1,-57,0,1,1,0000000000000000,0,12217
0,20160500,1226399283,142,1,-61,0,1,1,0000000000000000,0,12218
V=0
V=0
0,293,1226399291,195,1,-57,0,1,1,0000000000000000,0,12219
V=0
0,153,1226399290,926,1,-57,0,1,1,0000000000000000,0,12220
V=0
0,423,1226399290,922,1,-55,0,1,1,0000000000000000,0,12221
V=0
0,460,1226399295,183,1,-62,0,1,1,0000000000000000,0,12222
0,20181010,1226399292,936,1,-59,0,1,1,0000000000000000,0,12223
V=0
0,428,1226399295,941,1,-56,0,1,1,0000000000000000,0,12224
V=0
0,516,1226399298,192,1,-59,0,1,1,0000000000000000,0,12225
0,669,1226399296,195,1,-62,0,1,1,0000000000000000,0,12226
0,447,1226399300,649,1,-57,0,1,1,0000000000000000,0,12227
V=0
0,20180206,1226399302,873,1,-55,0,1,1,0000000000000000,0,12228
V=0
0,383,1226399302,647,1,-56,0,1,1,0000000000000000,0,12229
0,422,1226399305,663,1,-58,0,1,1,0000000000000000,0,12230
0,415,1226399305,650,1,-54,0,1,1,0000000000000000,0,12231
V=0
0,320,1226399301,942,1,-63,0,1,1,0000000000000000,0,12232
0,284,1226399304,620,1,-62,0,1,1,0000000000000000,0,12233
V=0
0,343,1226399308,688,1,-55,0,1,1,0000000000000000,0,12234
V=0
0,286,1226399308,440,1,-59,0,1,1,0000000000000000,0,12235
V=0
0,20180100,1226399310,699,1,-53,0,1,1,0000000000000000,0,12236
0,393,1226399311,199,1,-57,0,1,1,0000000000000000,0,12237
V=0
0,20181965,1226399312,694,1,-56,0,1,1,0000000000000000,0,12238
V=0
0,238,1226399318,684,1,-52,0,1,1,0000000000000000,0,12239
0,420,1226399316,188,1,-64,0,1,1,0000000000000000,0,12240
V=0
V=0
0,518,1226399317,953,1,-63,0,1,1,0000000000000000,0,12241
V=0
0,20160667,1226399320,901,1,-60,0,1,1,0000000000000000,0,12242
0,36,1226399324,141,1,-62,0,1,1,0000000000000000,0,12243
0,85,1226399322,304,1,-56,0,1,1,0000000000000000,0,12244
0,20160037,1226399322,298,1,-61,0,1,1,0000000000000000,0,12245
0,185,1226399320,709,1,-59,0,1,1,0000000000000000,0,12246
0,177,1226399322,280,1,-60,0,1,1,0000000000000000,0,12247
0,367,1226399322,522,1,-56,0,1,1,0000000000000000,0,12248
V=0
0,478,1226399323,442,1,-55,0,1,1,0000000000000000,0,12249
V=0
0,102,1226399324,600,1,-64,0,1,1,0000000000000000,0,12250
V=0
0,348,1226399325,185,1,-57,0,1,1,0000000000000000,0,12251
0,256,1226399324,818,1,-60,0,1,1,0000000000000000,0,12252
0,398,1226399325,442,1,-59,0,1,1,0000000000000000,0,12253
0,36,1226399329,187,1,-48,0,1,1,0000000000000000,0,12254
0,290,1226399327,148,1,-57,0,1,1,0000000000000000,0,12255
0,20160037,1226399328,698,1,-50,0,1,1,0000000000000000,0,12256
V=0
V=0
V=0
0,324,1226399332,185,1,-60,0,1,1,0000000000000000,0,12257
V=0
0,658,1226399337,446,1,-60,0,1,1,0000000000000000,0,12258
V=0
V=0
0,20180888,1226399340,690,1,-59,0,1,1,0000000000000000,0,12259
V=0
0,169,1226399339,687,1,-58,0,1,1,0000000000000000,0,12260
0,20160162,1226399340,418,1,-56,0,1,1,0000000000000000,0,12261
0,498,1226399342,692,1,-59,0,1,1,0000000000000000,0,12262
V=0
0,20180221,1226399346,693,1,-54,0,1,1,0000000000000000,0,12263
V=0
V=0
0,20160227,1226399345,708,1,-58,0,1,1,0000000000000000,0,12264
V=0
0,342,1226399350,694,1,-58,0,1,1,0000000000000000,0,12265
0,20189779,1226399350,442,1,-54,0,1,1,0000000000000000,0,12266
0,476,1226399349,128,1,-55,0,1,1,0000000000000000,0,12267
0,20180221,1226399346,942,1,-60,0,1,1,0000000000000000,0,12268
V=0
0,20160226,1226399352,445,1,-60,0,1,1,0000000000000000,0,12269
0,20180259,1226399349,618,1,-56,0,1,1,0000000000000000,0,12270
0,20182910,1226399349,689,1,-56,0,1,1,0000000000000000,0,12271
0,20180268,1226399348,938,1,-64,0,1,1,0000000000000000,0,12272
V=0
0,655,1226399351,438,1,-58,0,1,1,0000000000000000,0,12273
0,308,1226399352,445,1,-60,0,1,1,0000000000000000,0,12274
0,2505,1226399351,134,1,-62,0,1,1,0000000000000000,0,12275
V=0
0,645,1226399354,937,1,-58,0,1,1,0000000000000000,0,12276
V=0
V=0
V=0
0,385,1226399358,684,1,-65,0,1,1,0000000000000000,0,12277
V=0
0,384,1226399361,185,1,-62,0,1,1,0000000000000000,0,12278
V=0
0,458,1226399362,939,1,-59,0,1,1,0000000000000000,0,12279
V=0
V=0
0,334,1226399369,946,1,-60,0,1,1,0000000000000000,0,12280
0,475,1226399369,698,1,-59,0,1,1,0000000000000000,0,12281
V=0
0,482,1226399371,445,1,-58,0,1,1,0000000000000000,0,12282
V=0
0,20182862,1226399373,439,1,-58,0,1,1,0000000000000000,0,12283
V=0
0,630,1226399377,690,1,-55,0,1,1,0000000000000000,0,12284
V=0
V=0
0,20160157,1226399379,441,1,-61,0,1,1,0000000000000000,0,12285
V=0
V=0
V=0
0,345,1226399386,152,1,-58,0,1,1,0000000000000000,0,12286
0,86,1226399385,155,1,-57,0,1,1,0000000000000000,0,12287
0,392,1226399383,712,1,-59,0,1,1,0000000000000000,0,12288
V=0
0,668,1226399388,154,1,-55,0,1,1,0000000000000000,0,12289
0,277,1226399390,689,1,-52,0,1,1,0000000000000000,0,12290
0,371,1226399388,446,1,-60,0,1,1,0000000000000000,0,12291
V=0
0,20181571,1226399389,944,1,-54,0,1,1,0000000000000000,0,12292
V=0
0,20160116,1226399390,945,1,-59,0,1,1,0000000000000000,0,12293
V=0
0,532,1226399396,453,1,-58,0,1,1,0000000000000000,0,12294
0,20182703,1226399392,942,1,-57,0,1,1,0000000000000000,0,12295
V=0
0,72,1226399397,151,1,-58,0,1,1,0000000000000000,0,12296
V=0
V=0
0,532,1226399399,340,1,-54,0,1,1,0000000000000000,0,12297
0,20182212,1226399400,415,1,-52,0,1,1,0000000000000000,0,12298
V=0
0,20182209,1226399401,642,1,-50,0,1,1,0000000000000000,0,12299
0,20180266,1226399402,448,1,-55,0,1,1,0000000000000000,0,12300
0,20182409,1226399402,949,1,-57,0,1,1,0000000000000000,0,12301
V=0
V=0
0,620,1226399406,699,1,-56,0,1,1,0000000000000000,0,12302
0,20160241,1226399402,697,1,-64,0,1,1,0000000000000000,0,12303
V=0
0,20160035,1226399406,448,1,-59,0,1,1,0000000000000000,0,12304
0,214,1226399406,199,1,-55,0,1,1,0000000000000000,0,12305
V=0
0,296,1226399408,451,1,-59,0,1,1,0000000000000000,0,12306
V=0
0,615,1226399409,916,1,-57,0,1,1,0000000000000000,0,12307
0,287,1226399411,367,1,-57,0,1,1,0000000000000000,0,12308
0,20180010,1226399411,945,1,-58,0,1,1,0000000000000000,0,12309
V=0
0,20182203,1226399414,154,1,-50,0,1,1,0000000000000000,0,12310
0,132,1226399412,343,1,-55,0,1,1,0000000000000000,0,12311
0,142,1226399412,340,1,-65,0,1,1,0000000000000000,0,12312
V=0
0,20180908,1226399415,447,1,-59,0,1,1,0000000000000000,0,12313
V=0
0,20160269,1226399417,697,1,-58,0,1,1,0000000000000000,0,12314
V=0
0,253,1226399417,444,1,-64,0,1,1,0000000000000000,0,12315
0,613,1226399419,948,1,-57,0,1,1,0000000000000000,0,12316
V=0
V=0
0,292,1226399422,953,1,-63,0,1,1,0000000000000000,0,12317
V=0
0,441,1226399427,443,1,-56,0,1,1,0000000000000000,0,12318
0,20181980,1226399425,901,1,-57,0,1,1,0000000000000000,0,12319
V=0
0,20182504,1226399427,672,1,-54,0,1,1,0000000000000000,0,12320
0,362,1226399425,159,1,-66,0,1,1,0000000000000000,0,12321
V=0
0,30,1226399427,666,1,-62,0,1,1,0000000000000000,0,12322
V=0
V=0
0,677,1226399433,658,1,-59,0,1,1,0000000000000000,0,12323
V=0
0,394,1226399434,712,1,-59,0,1,1,0000000000000000,0,12324
0,20181703,1226399434,698,1,-64,0,1,1,0000000000000000,0,12325
V=0
0,149,1226399436,664,1,-59,0,1,1,0000000000000000,0,12326
0,150,1226399435,698,1,-63,0,1,1,0000000000000000,0,12327
V=0
0,20180121,1226399440,701,1,-59,0,1,1,0000000000000000,0,12328
V=0
0,20180166,1226399442,201,1,-50,0,1,1,0000000000000000,0,12329
V=0
0,20182304,1226399442,943,1,-57,0,1,1,0000000000000000,0,12330
0,440,1226399443,357,1,-59,0,1,1,0000000000000000,0,12331
0,20180694,1226399444,640,1,-49,0,1,1,0000000000000000,0,12332
V=0
V=0
V=0
V=0
V=0
V=0
0,336,1226399455,190,1,-55,0,1,1,0000000000000000,0,12333
0,20160246,1226399454,930,1,-60,0,1,1,0000000000000000,0,12334
0,245,1226399455,184,1,-54,0,1,1,0000000000000000,0,12335
V=0
V=0
0,247,1226399459,195,1,-56,0,1,1,0000000000000000,0,12336
V=0
V=0
V=0
0,20180171,1226399466,199,1,-58,0,1,1,0000000000000000,0,12337
V=0
0,316,1226399467,947,1,-57,0,1,1,0000000000000000,0,12338
0,20180281,1226399466,722,1,-56,0,1,1,0000000000000000,0,12339
V=0
0,623,1226399470,696,1,-54,0,1,1,0000000000000000,0,12340
0,20181362,1226399468,953,1,-59,0,1,1,0000000000000000,0,12341
V=0
V=0
V=0
V=0
0,405,1226399477,946,1,-61,0,1,1,0000000000000000,0,12342
V=0
0,230,1226399478,698,1,-57,0,1,1,0000000000000000,0,12343
V=0
0,20182705,1226399478,192,1,-68,0,1,1,0000000000000000,0,12344
0,195,1226399481,947,1,-56,0,1,1,0000000000000000,0,12345
V=0
0,616,1226399484,196,1,-62,0,1,1,0000000000000000,0,12346
V=0
V=0
0,437,1226399487,696,1,-63,0,1,1,0000000000000000,0,12347
V=0
V=0
V=0
0,20180610,1226399493,695,1,-60,0,1,1,0000000000000000,0,12348
V=0
V=0
V=0
V=0
0,186,1226399500,446,1,-62,0,1,1,0000000000000000,0,12349
V=0
0,197,1226399506,696,1,-58,0,1,1,0000000000000000,0,12350
V=0
V=0
0,161,1226399506,233,1,-59,0,1,1,0000000000000000,0,12351
V=0
0,419,1226399509,196,1,-64,0,1,1,0000000000000000,0,12352
V=0
V=0
0,20180187,1226399513,196,1,-58,0,1,1,0000000000000000,0,12353
V=0
0,20180196,1226399516,913,1,-60,0,1,1,0000000000000000,0,12354
V=0
0,20180315,1226399516,443,1,-54,0,1,1,0000000000000000,0,12355
0,390,1226399520,451,1,-55,0,1,1,0000000000000000,0,12356
V=0
V=0
V=0
V=0
0,20160017,1226399524,963,1,-60,0,1,1,0000000000000000,0,12357
V=0
0,20181602,1226399526,946,1,-59,0,1,1,0000000000000000,0,12358
0,373,1226399529,954,1,-60,0,1,1,0000000000000000,0,12359
0,20160656,1226399530,201,1,-57,0,1,1,0000000000000000,0,12360
V=0
0,374,1226399529,954,1,-60,0,1,1,0000000000000000,0,12361
V=0
0,163,1226399533,911,1,-54,0,1,1,0000000000000000,0,12362
V=0
V=0
0,20180164,1226399534,947,1,-58,0,1,1,0000000000000000,0,12363
0,644,1226399535,445,1,-55,0,1,1,0000000000000000,0,12364
V=0
V=0
V=0
V=0
0,20160432,1226399543,701,1,-57,0,1,1,0000000000000000,0,12365
V=0
V=0
V=0
V=0
0,413,1226399549,962,1,-59,0,1,1,0000000000000000,0,12366
0,323,1226399550,398,1,-61,0,1,1,0000000000000000,0,12367
0,397,1226399550,982,1,-59,0,1,1,0000000000000000,0,12368
V=0
V=0
0,20181541,1226399556,453,1,-52,0,1,1,0000000000000000,0,12369
0,215,1226399555,947,1,-61,0,1,1,0000000000000000,0,12370
V=0
V=0
V=0
0,278,1226399559,955,1,-63,0,1,1,0000000000000000,0,12371
0,20160261,1226399563,199,1,-63,0,1,1,0000000000000000,0,12372
V=0
0,352,1226399562,449,1,-59,0,1,1,0000000000000000,0,12373
V=0
V=0
V=0
0,133,1226399569,713,1,-58,0,1,1,0000000000000000,0,12374
0,224,1226399569,439,1,-56,0,1,1,0000000000000000,0,12375
0,20182603,1226399571,188,1,-52,0,1,1,0000000000000000,0,12376
V=0
V=0
0,104,1226399571,946,1,-58,0,1,1,0000000000000000,0,12377
0,409,1226399572,211,1,-60,0,1,1,0000000000000000,0,12378
0,20160509,1226399573,950,1,-57,0,1,1,0000000000000000,0,12379
V=0
V=0
V=0
V=0
V=0
V=0
V=0
V=0
V=0
V=0
0,533,1226399596,205,1,-59,0,1,1,0000000000000000,0,12380
V=0
0,514,1226399600,451,1,-57,0,1,1,0000000000000000,0,12381
V=0
V=0
V=0
0,533,1226399599,464,1,-56,0,1,1,0000000000000000,0,12382
0,20160488,1226399604,922,1,-54,0,1,1,0000000000000000,0,12383
0,525,1226399604,921,1,-59,0,1,1,0000000000000000,0,12384
V=0
0,514,1226399600,709,1,-54,0,1,1,0000000000000000,0,12385
V=0
0,20160140,1226399606,461,1,-57,0,1,1,0000000000000000,0,12386
V=0
0,628,1226399608,218,1,-57,0,1,1,0000000000000000,0,12387
V=0
V=0
0,267,1226399612,950,1,-62,0,1,1,0000000000000000,0,12388
V=0
V=0
V=0
V=0
0,20160502,1226399621,463,1,-62,0,1,1,0000000000000000,0,12389
V=0
0,282,1226399621,922,1,-60,0,1,1,0000000000000000,0,12390
V=0
V=0
0,592,1226399628,459,1,-57,0,1,1,0000000000000000,0,12391
0,20160044,1226399624,704,1,-60,0,1,1,0000000000000000,0,12392
V=0
0,305,1226399627,987,1,-58,0,1,1,0000000000000000,0,12393
V=0
V=0
0,399,1226399632,450,1,-53,0,1,1,0000000000000000,0,12394
V=0
0,592,1226399630,450,1,-66,0,1,1,0000000000000000,0,12395
V=0
0,331,1226399636,955,1,-61,0,1,1,0000000000000000,0,12396
0,152,1226399636,167,1,-59,0,1,1,0000000000000000,0,12397
V=0
V=0
V=0
V=0
0,609,1226399646,706,1,-56,0,1,1,0000000000000000,0,12398
V=0
0,353,1226399645,897,1,-52,0,1,1,0000000000000000,0,12399
V=0
V=0
0,627,1226399649,456,1,-59,0,1,1,0000000000000000,0,12400
0,609,1226399647,750,1,-61,0,1,1,0000000000000000,0,12401
V=0
V=0
V=0
V=0
V=0
V=0
0,237,1226399662,455,1,-57,0,1,1,0000000000000000,0,12402
0,239,1226399661,718,1,-59,0,1,1,0000000000000000,0,12403
V=0
V=0
V=0
V=0
V=0
V=0
V=0
V=0
V=0
0,20180038,1226399682,200,1,-55,0,1,1,0000000000000000,0,12404
0,381,1226399679,970,1,-62,0,1,1,0000000000000000,0,12405
V=0
V=0
V=0
V=0
V=0
0,499,1226399691,203,1,-67,0,1,1,0000000000000000,0,12406
V=0
V=0
V=0
0,365,1226399694,902,1,-61,0,1,1,0000000000000000,0,12407
0,20160122,1226399695,208,1,-60,0,1,1,0000000000000000,0,12408
0,20187733,1226399696,870,1,-57,0,1,1,0000000000000000,0,12409
0,322,1226399696,873,1,-55,0,1,1,0000000000000000,0,12410
V=0
0,20180154,1226399693,958,1,-62,0,1,1,0000000000000000,0,12411
0,20184500,1226399700,954,1,-54,0,1,1,0000000000000000,0,12412
0,357,1226399699,168,1,-56,0,1,1,0000000000000000,0,12413
V=0
V=0
V=0
0,20184500,1226399701,468,1,-60,0,1,1,0000000000000000,0,12414
0,20160130,1226399705,457,1,-63,0,1,1,0000000000000000,0,12415
0,133,1226399702,457,1,-65,0,1,1,0000000000000000,0,12416
V=0
V=0
V=0
V=0
0,20180411,1226399711,708,1,-56,0,1,1,0000000000000000,0,12417
V=0
V=0
V=0
V=0
V=0
V=0
V=0
0,678,1226399724,966,1,-57,0,1,1,0000000000000000,0,12418
0,624,1226399727,640,1,-56,0,1,1,0000000000000000,0,12419
V=0
0,631,1226399728,697,1,-55,0,1,1,0000000000000000,0,12420
0,679,1226399725,409,1,-60,0,1,1,0000000000000000,0,12421
0,20181957,1226399728,162,1,-58,0,1,1,0000000000000000,0,12422
V=0
0,182,1226399730,469,1,-58,0,1,1,0000000000000000,0,12423
0,20160183,1226399728,955,1,-57,0,1,1,0000000000000000,0,12424
V=0
V=0
0,20180013,1226399734,456,1,-59,0,1,1,0000000000000000,0,12425
V=0
V=0
V=0
0,524,1226399740,418,1,-59,0,1,1,0000000000000000,0,12426
V=0
0,155,1226399739,216,1,-61,0,1,1,0000000000000000,0,12427
0,319,1226399741,704,1,-56,0,1,1,0000000000000000,0,12428
V=0
V=0
0,240,1226399743,961,1,-58,0,1,1,0000000000000000,0,12429
0,20180067,1226399746,459,1,-61,0,1,1,0000000000000000,0,12430
V=0
0,676,1226399750,732,1,-56,0,1,1,0000000000000000,0,12431
V=0
0,1874247,1226399749,693,1,-66,0,1,1,0000000000000000,0,12432
V=0
0,675,1226399752,209,1,-59,0,1,1,0000000000000000,0,12433
V=0
0,20181966,1226399754,707,1,-57,0,1,1,0000000000000000,0,12434
V=0
V=0
0,1874247,1226399761,207,1,-54,0,1,1,0000000000000000,0,12435
V=0
0,109,1226399759,214,1,-60,0,1,1,0000000000000000,0,12436
V=0
V=0
V=0
V=0
0,20180001,1226399765,959,1,-60,0,1,1,0000000000000000,0,12437
V=0
V=0
0,199,1226399771,709,1,-62,0,1,1,0000000000000000,0,12438
V=0
V=0
V=0
0,20181301,1226399780,463,1,-53,0,1,1,0000000000000000,0,12439
V=0
0,20160057,1226399780,961,1,-65,0,1,1,0000000000000000,0,12440
V=0
0,61,1226399780,213,1,-61,0,1,1,0000000000000000,0,12441
V=0
0,262,1226399787,225,1,-57,0,1,1,0000000000000000,0,12442
V=0
0,20181000,1226399786,464,1,-57,0,1,1,0000000000000000,0,12443
V=0
V=0
0,20180510,1226399790,673,1,-57,0,1,1,0000000000000000,0,12444
0,158,1226399787,715,1,-68,0,1,1,0000000000000000,0,12445
0,133,1226399791,716,1,-57,0,1,1,0000000000000000,0,12446
V=0
V=0
V=0
V=0
V=0
V=0
V=0
0,218,1226399804,708,1,-62,0,1,1,0000000000000000,0,12447
V=0
V=0
V=0
0,148,1226399810,210,1,-60,0,1,1,0000000000000000,0,12448
V=0
0,386,1226399812,959,1,-57,0,1,1,0000000000000000,0,12449
V=0
V=0
V=0
V=0
V=0
0,20180283,1226399823,218,1,-58,0,1,1,0000000000000000,0,12450
V=0
0,20180309,1226399825,469,1,-55,0,1,1,0000000000000000,0,12451
V=0
V=0
0,377,1226399828,743,1,-61,0,1,1,0000000000000000,0,12452
V=0
V=0
0,216,1226399833,471,1,-63,0,1,1,0000000000000000,0,12453
0,209,1226399833,860,1,-58,0,1,1,0000000000000000,0,12454
V=0
0,20180171,1226399832,143,1,-46,0,1,1,0000000000000000,0,12455
V=0
V=0
V=0
V=0
V=0
V=0
V=0
V=0
V=0
V=0
V=0
V=0
0,550,1226399856,211,1,-62,0,1,1,0000000000000000,0,12456
V=0
V=0
V=0
V=0
V=0
V=0
V=0
V=0
V=0
V=0
V=0
V=0
V=0
0,20181203,1226399888,461,1,-53,0,1,1,0000000000000000,0,12457
V=0
V=0
V=0
0,275,1226399889,718,1,-59,0,1,1,0000000000000000,0,12458
V=0
0,20181203,1226399889,465,1,-43,0,1,1,0000000000000000,0,12459
V=0
V=0
V=0
V=0
V=0
V=0
V=0
V=0
0,642,1226399910,970,1,-51,0,1,1,0000000000000000,0,12460
V=0
V=0
0,20160301,1226399911,716,1,-60,0,1,1,0000000000000000,0,12461
V=0
V=0
V=0
V=0
0,339,1226399920,223,1,-61,0,1,1,0000000000000000,0,12462
V=0
V=0
V=0
V=0
0,434,1226399931,726,1,-59,0,1,1,0000000000000000,0,12463
V=0
0,144,1226399930,719,1,-60,0,1,1,0000000000000000,0,12464
0,143,1226399930,204,1,-61,0,1,1,0000000000000000,0,12465
V=0
V=0
V=0
0,434,1226399932,185,1,-57,0,1,1,0000000000000000,0,12466
V=0
V=0
V=0
V=0
V=0
V=0
0,20160076,1226399949,219,1,-61,0,1,1,0000000000000000,0,12467
V=0
V=0
V=0
V=0
V=0
0,638,1226399958,218,1,-59,0,1,1,0000000000000000,0,12468
V=0
0,20180077,1226399958,967,1,-53,0,1,1,0000000000000000,0,12469
V=0
0,378,1226399965,220,1,-58,0,1,1,0000000000000000,0,12470
V=0
V=0
V=0
V=0
V=0
V=0
V=0
V=0
0,20180027,1226399978,215,1,-55,0,1,1,0000000000000000,0,12471
V=0
V=0
V=0
0,574,1226399986,470,1,-62,0,1,1,0000000000000000,0,12472
V=0
V=0
V=0
V=0
0,574,1226399989,469,1,-62,0,1,1,0000000000000000,0,12473
V=0
0,20184444,1226399991,471,1,-68,0,1,1,0000000000000000,0,12474
V=0
0,699,1226400000,973,1,-54,0,1,1,0000000000000000,0,12475
V=0
0,220,1226399999,470,1,-61,0,1,1,0000000000000000,0,12476
V=0
V=0
V=0
0,699,1226400001,220,1,-54,0,1,1,0000000000000000,0,12477
V=0
0,20180046,1226400004,221,1,-54,0,1,1,0000000000000000,0,12478
V=0
0,534,1226400004,479,1,-61,0,1,1,0000000000000000,0,12479
0,20181887,1226400007,975,1,-55,0,1,1,0000000000000000,0,12480
V=0
V=0
0,20180666,1226400013,975,1,-55,0,1,1,0000000000000000,0,12481
0,20182141,1226400013,974,1,-61,0,1,1,0000000000000000,0,12482
V=0
V=0
0,20181005,1226400012,980,1,-67,0,1,1,0000000000000000,0,12483
V=0
V=0
V=0
V=0
V=0
0,20181022,1226400026,224,1,-46,0,1,1,0000000000000000,0,12484
V=0
V=0
V=0
V=0
V=0
V=0
0,376,1226400041,475,1,-56,0,1,1,0000000000000000,0,12485
V=0
V=0
V=0
0,376,1226400042,225,1,-56,0,1,1,0000000000000000,0,12486
V=0
0,332,1226400044,474,1,-61,0,1,1,0000000000000000,0,12487
0,20181003,1226400048,223,1,-55,0,1,1,0000000000000000,0,12488
V=0
V=0
V=0
V=0
V=0
0,20182807,1226400059,724,1,-54,0,1,1,0000000000000000,0,12489
V=0
V=0
V=0
0,20182807,1226400059,969,1,-59,0,1,1,0000000000000000,0,12490
V=0
V=0
V=0
V=0
V=0
V=0
V=0
V=0
V=0
V=0
V=0
V=0
V=0
V=0
0,647,1226400090,977,1,-59,0,1,1,0000000000000000,0,12491
0,20181953,1226400092,975,1,-55,0,1,1,0000000000000000,0,12492
V=0
V=0
V=0
V=0
V=0
0,557,1226400098,720,1,-62,0,1,1,0000000000000000,0,12493
V=0
V=0
0,569,1226400103,226,1,-58,0,1,1,0000000000000000,0,12494
V=0
V=0
0,20181127,1226400105,472,1,-61,0,1,1,0000000000000000,0,12495
V=0
0,599,1226400113,232,1,-58,0,1,1,0000000000000000,0,12496
0,463,1226400108,724,1,-63,0,1,1,0000000000000000,0,12497
V=0
0,20180134,1226400113,761,1,-57,0,1,1,0000000000000000,0,12498
0,602,1226400115,982,1,-60,0,1,1,0000000000000000,0,12499
0,485,1226400112,124,1,-57,0,1,1,0000000000000000,0,12500
V=0
V=0
V=0
0,587,1226400120,237,1,-57,0,1,1,0000000000000000,0,12501
0,20180134,1226400115,936,1,-58,0,1,1,0000000000000000,0,12502
0,372,1226400121,487,1,-58,0,1,1,0000000000000000,0,12503
V=0
0,602,1226400116,672,1,-62,0,1,1,0000000000000000,0,12504
0,489,1226400120,229,1,-61,0,1,1,0000000000000000,0,12505
V=0
V=0
0,20180972,1226400123,234,1,-58,0,1,1,0000000000000000,0,12506
V=0
0,372,1226400123,225,1,-68,0,1,1,0000000000000000,0,12507
V=0
0,585,1226400130,421,1,-58,0,1,1,0000000000000000,0,12508
0,135,1226400130,420,1,-56,0,1,1,0000000000000000,0,12509
V=0
0,539,1226400127,235,1,-62,0,1,1,0000000000000000,0,12510
V=0
0,556,1226400131,979,1,-59,0,1,1,0000000000000000,0,12511
V=0
0,427,1226400133,476,1,-57,0,1,1,0000000000000000,0,12512
V=0
V=0
V=0
V=0
V=0
0,20181707,1226400141,975,1,-57,0,1,1,0000000000000000,0,12513
V=0
V=0
0,562,1226400147,230,1,-58,0,1,1,0000000000000000,0,12514
V=0
V=0
V=0
V=0
0,512,1226400153,475,1,-61,0,1,1,0000000000000000,0,12515
V=0
0,522,1226400157,725,1,-60,0,1,1,0000000000000000,0,12516
V=0
V=0
0,596,1226400165,979,1,-55,0,1,1,0000000000000000,0,12517
V=0
0,568,1226400162,703,1,-57,0,1,1,0000000000000000,0,12518
V=0
V=0
0,596,1226400166,234,1,-54,0,1,1,0000000000000000,0,12519
V=0
V=0
V=0
V=0
V=0
V=0
0,558,1226400180,225,1,-57,0,1,1,0000000000000000,0,12520
V=0
V=0
V=0
V=0
0,414,1226400190,479,1,-57,0,1,1,0000000000000000,0,12521
0,29,1226400190,987,1,-53,0,1,1,0000000000000000,0,12522
V=0
0,544,1226400187,983,1,-72,0,1,1,0000000000000000,0,12523
V=0
V=0
0,20180040,1226400194,983,1,-50,0,1,1,0000000000000000,0,12524
0,618,1226400194,228,1,-66,0,1,1,0000000000000000,0,12525
V=0
0,20181506,1226400195,975,1,-56,0,1,1,0000000000000000,0,12526
V=0
V=0
0,652,1226400202,196,1,-56,0,1,1,0000000000000000,0,12527
V=0
0,20182810,1226400203,944,1,-58,0,1,1,0000000000000000,0,12528
V=0
0,582,1226400207,237,1,-56,0,1,1,0000000000000000,0,12529
V=0
0,15177329,1226400203,233,1,-76,0,1,1,0000000000000000,0,12530
V=0
V=0
0,20182408,1226400208,980,1,-57,0,1,1,0000000000000000,0,12531
V=0
0,20180010,1226400209,976,1,-61,0,1,1,0000000000000000,0,12532
0,20180465,1226400217,231,1,-57,0,1,1,0000000000000000,0,12533
V=0
0,445,1226400212,488,1,-57,0,1,1,0000000000000000,0,12534
0,641,1226400213,485,1,-58,0,1,1,0000000000000000,0,12535
V=0
V=0
0,611,1226400222,951,1,-55,0,1,1,0000000000000000,0,12536
V=0
0,20180465,1226400217,480,1,-59,0,1,1,0000000000000000,0,12537
0,20180025,1226400219,695,1,-57,0,1,1,0000000000000000,0,12538
V=0
V=0
0,20160988,1226400224,239,1,-54,0,1,1,0000000000000000,0,12539
V=0
0,580,1226400229,740,1,-56,0,1,1,0000000000000000,0,12540
0,611,1226400223,690,1,-59,0,1,1,0000000000000000,0,12541
V=0
0,20181102,1226400224,986,1,-62,0,1,1,0000000000000000,0,12542
0,572,1226400231,203,1,-55,0,1,1,0000000000000000,0,12543
V=0
V=0
0,580,1226400230,204,1,-54,0,1,1,0000000000000000,0,12544
V=0
V=0
0,486,1226400232,725,1,-70,0,1,1,0000000000000000,0,12545
0,584,1226400239,983,1,-57,0,1,1,0000000000000000,0,12546
V=0
V=0
V=0
0,584,1226400240,729,1,-56,0,1,1,0000000000000000,0,12547
V=0
0,20180403,1226400248,233,1,-61,0,1,1,0000000000000000,0,12548
0,20180272,1226400249,227,1,-59,0,1,1,0000000000000000,0,12549
0,311,1226400248,233,1,-62,0,1,1,0000000000000000,0,12550
V=0
0,626,1226400245,486,1,-61,0,1,1,0000000000000000,0,12551
V=0
V=0
V=0
0,20180403,1226400252,734,1,-52,0,1,1,0000000000000000,0,12552
0,20180272,1226400253,480,1,-44,0,1,1,0000000000000000,0,12553
0,311,1226400252,923,1,-54,0,1,1,0000000000000000,0,12554
V=0
V=0
0,20185555,1226400255,489,1,-59,0,1,1,0000000000000000,0,12555
V=0
V=0
V=0
V=0
V=0
V=0
V=0
V=0
V=0
0,425,1226400272,479,1,-60,0,1,1,0000000000000000,0,12556
V=0
V=0
0,20181007,1226400275,732,1,-60,0,1,1,0000000000000000,0,12557
0,536,1226400276,727,1,-66,0,1,1,0000000000000000,0,12558
V=0
V=0
0,20181006,1226400281,489,1,-55,0,1,1,0000000000000000,0,12559
V=0
0,612,1226400284,982,1,-60,0,1,1,0000000000000000,0,12560
0,636,1226400284,234,1,-59,0,1,1,0000000000000000,0,12561
V=0
V=0
V=0
0,20182806,1226400289,493,1,-57,0,1,1,0000000000000000,0,12562
0,508,1226400289,947,1,-56,0,1,1,0000000000000000,0,12563
V=0
V=0
V=0
V=0
0,20181517,1226400298,483,1,-55,0,1,1,0000000000000000,0,12564
0,579,1226400302,473,1,-50,0,1,1,0000000000000000,0,12565
V=0
V=0
0,593,1226400303,736,1,-59,0,1,1,0000000000000000,0,12566
V=0
0,20180999,1226400300,954,1,-54,0,1,1,0000000000000000,0,12567
0,553,1226400302,732,1,-64,0,1,1,0000000000000000,0,12568
V=0
0,579,1226400303,239,1,-57,0,1,1,0000000000000000,0,12569
V=0
V=0
V=0
V=0
0,564,1226400313,483,1,-58,0,1,1,0000000000000000,0,12570
0,617,1226400316,243,1,-54,0,1,1,0000000000000000,0,12571
V=0
V=0
0,20181207,1226400318,235,1,-58,0,1,1,0000000000000000,0,12572
V=0
0,467,1226400321,236,1,-60,0,1,1,0000000000000000,0,12573
V=0
0,459,1226400322,231,1,-56,0,1,1,0000000000000000,0,12574
V=0
V=0
0,625,1226400325,482,1,-61,0,1,1,0000000000000000,0,12575
V=0
0,313,1226400332,493,1,-67,0,1,1,0000000000000000,0,12576
V=0
0,473,1226400329,486,1,-57,0,1,1,0000000000000000,0,12577
V=0
0,483,1226400332,488,1,-58,0,1,1,0000000000000000,0,12578
V=0
V=0
0,20180071,1226400334,267,1,-60,0,1,1,0000000000000000,0,12579
0,313,1226400333,993,1,-67,0,1,1,0000000000000000,0,12580
V=0
V=0
V=0
0,20181043,1226400344,986,1,-57,0,1,1,0000000000000000,0,12581
V=0
V=0
V=0
0,20181043,1226400346,490,1,-64,0,1,1,0000000000000000,0,12582
V=0
V=0
0,20180074,1226400349,739,1,-53,0,1,1,0000000000000000,0,12583
0,20182811,1226400350,487,1,-62,0,1,1,0000000000000000,0,12584
V=0
0,1576,1226400350,744,1,-57,0,1,1,0000000000000000,0,12585
0,20180060,1226400355,733,1,-63,0,1,1,0000000000000000,0,12586
0,469,1226400353,235,1,-56,0,1,1,0000000000000000,0,12587
V=0
V=0
V=0
0,20180074,1226400358,732,1,-67,0,1,1,0000000000000000,0,12588
V=0
V=0
0,20182607,1226400362,489,1,-55,0,1,1,0000000000000000,0,12589
0,589,1226400365,985,1,-59,0,1,1,0000000000000000,0,12590
V=0
V=0
V=0
0,20182204,1226400370,234,1,-57,0,1,1,0000000000000000,0,12591
V=0
V=0
V=0
0,540,1226400376,746,1,-58,0,1,1,0000000000000000,0,12592
V=0
0,595,1226400380,961,1,-62,0,1,1,0000000000000000,0,12593
0,634,1226400379,446,1,-61,0,1,1,0000000000000000,0,12594
0,629,1226400378,237,1,-59,0,1,1,0000000000000000,0,12595
V=0
0,594,1226400381,739,1,-63,0,1,1,0000000000000000,0,12596
V=0
0,479,1226400380,955,1,-61,0,1,1,0000000000000000,0,12597
V=0
0,595,1226400383,242,1,-52,0,1,1,0000000000000000,0,12598
V=0
0,521,1226400386,278,1,-58,0,1,1,0000000000000000,0,12599
0,594,1226400384,493,1,-67,0,1,1,0000000000000000,0,12600
V=0
V=0
V=0
V=0
V=0
0,456,1226400394,490,1,-60,0,1,1,0000000000000000,0,12601
0,523,1226400395,489,1,-59,0,1,1,0000000000000000,0,12602
V=0
V=0
V=0
V=0
V=0
V=0
V=0
V=0
0,20180213,1226400413,487,1,-52,0,1,1,0000000000000000,0,12603
V=0
V=0
V=0
V=0
0,547,1226400420,236,1,-62,0,1,1,0000000000000000,0,12604
V=0
V=0
0,452,1226400424,742,1,-56,0,1,1,0000000000000000,0,12605
V=0
V=0
V=0
V=0
0,20181711,1226400432,987,1,-51,0,1,1,0000000000000000,0,12606
V=0
V=0
V=0
V=0
V=0
V=0
V=0
V=0
0,543,1226400447,739,1,-62,0,1,1,0000000000000000,0,12607
V=0
0,591,1226400452,243,1,-60,0,1,1,0000000000000000,0,12608
0,622,1226400454,749,1,-60,0,1,1,0000000000000000,0,12609
V=0
V=0
V=0
0,591,1226400455,213,1,-56,0,1,1,0000000000000000,0,12610
V=0
0,622,1226400455,212,1,-61,0,1,1,0000000000000000,0,12611
V=0
0,577,1226400464,273,1,-60,0,1,1,0000000000000000,0,12612
V=0
V=0
V=0
V=0
0,20181517,1226400464,990,1,-69,0,1,1,0000000000000000,0,12613
0,577,1226400465,994,1,-58,0,1,1,0000000000000000,0,12614
V=0
V=0
V=0
V=0
V=0
V=0
V=0
V=0
V=0
0,571,1226400489,243,1,-58,0,1,1,0000000000000000,0,12615
V=0
V=0
V=0
V=0
V=0
0,453,1226400495,488,1,-60,0,1,1,0000000000000000,0,12616
V=0
V=0
V=0
V=0
V=0
V=0
0,576,1226400512,748,1,-58,0,1,1,0000000000000000,0,12617
V=0
V=0
V=0
0,20182606,1226400514,246,1,-59,0,1,1,0000000000000000,0,12618
V=0
0,576,1226400514,497,1,-56,0,1,1,0000000000000000,0,12619
V=0
0,527,1226400518,490,1,-60,0,1,1,0000000000000000,0,12620
V=0
V=0
V=0
0,442,1226400522,998,1,-55,0,1,1,0000000000000000,0,12621
V=0
V=0
0,20180049,1226400525,988,1,-67,0,1,1,0000000000000000,0,12622
0,551,1226400528,745,1,-61,0,1,1,0000000000000000,0,12623
V=0
V=0
0,20181014,1226400532,995,1,-56,0,1,1,0000000000000000,0,12624
V=0
V=0
V=0
0,567,1226400537,747,1,-62,0,1,1,0000000000000000,0,12625
V=0
0,597,1226400542,1,1,-54,0,1,1,0000000000000000,0,12626
V=0
0,20180464,1226400545,250,1,-61,0,1,1,0000000000000000,0,12627
V=0
V=0
0,597,1226400544,213,1,-61,0,1,1,0000000000000000,0,12628
0,504,1226400551,0,1,-57,0,1,1,0000000000000000,0,12629
V=0
0,20180464,1226400548,7,1,-64,0,1,1,0000000000000000,0,12630
V=0
0,20160477,1226400550,4,1,-57,0,1,1,0000000000000000,0,12631
V=0
V=0
0,20180024,1226400555,749,1,-57,0,1,1,0000000000000000,0,12632
V=0
V=0
0,654,1226400558,496,1,-58,0,1,1,0000000000000000,0,12633
V=0
V=0
0,541,1226400564,749,1,-52,0,1,1,0000000000000000,0,12634
V=0
V=0
V=0
0,20180022,1226400568,977,1,-55,0,1,1,0000000000000000,0,12635
V=0
0,565,1226400571,213,1,-57,0,1,1,0000000000000000,0,12636
V=0
0,490,1226400570,756,1,-59,0,1,1,0000000000000000,0,12637
V=0
0,517,1226400572,496,1,-61,0,1,1,0000000000000000,0,12638
0,361,1226400573,742,1,-62,0,1,1,0000000000000000,0,12639
V=0
V=0
V=0
V=0
V=0
0,20180212,1226400583,250,1,-56,0,1,1,0000000000000000,0,12640
V=0
V=0
V=0
V=0
V=0
V=0
0,682,1226400598,757,1,-52,0,1,1,0000000000000000,0,12641
V=0
0,417,1226400598,2,1,-60,0,1,1,0000000000000000,0,12642
V=0
V=0
V=0
0,470,1226400604,999,1,-59,0,1,1,0000000000000000,0,12643
0,20180080,1226400605,758,1,-60,0,1,1,0000000000000000,0,12644
V=0
V=0
V=0
V=0
V=0
V=0
V=0
V=0
0,20188687,1226400619,2,1,-57,0,1,1,0000000000000000,0,12645
0,20181008,1226400620,289,1,-59,0,1,1,0000000000000000,0,12646
V=0
V=0
0,670,1226400625,517,1,-59,0,1,1,0000000000000000,0,12647
V=0
0,471,1226400630,745,1,-63,0,1,1,0000000000000000,0,12648
V=0
0,20188687,1226400625,963,1,-63,0,1,1,0000000000000000,0,12649
V=0
0,653,1226400629,253,1,-62,0,1,1,0000000000000000,0,12650
V=0
V=0
0,471,1226400633,496,1,-55,0,1,1,0000000000000000,0,12651
V=0
V=0
0,20161103,1226400640,754,1,-53,0,1,1,0000000000000000,0,12652
V=0
0,20160546,1226400643,1,1,-56,0,1,1,0000000000000000,0,12653
V=0
V=0
V=0
0,570,1226400647,757,1,-58,0,1,1,0000000000000000,0,12654
0,20180310,1226400647,6,1,-60,0,1,1,0000000000000000,0,12655
V=0
V=0
V=0
V=0
0,581,1226400659,487,1,-56,0,1,1,0000000000000000,0,12656
V=0
0,466,1226400659,482,1,-56,0,1,1,0000000000000000,0,12657
V=0
0,474,1226400658,10,1,-60,0,1,1,0000000000000000,0,12658
V=0
V=0
0,581,1226400662,754,1,-52,0,1,1,0000000000000000,0,12659
V=0
V=0
V=0
V=0
V=0
V=0
V=0
V=0
V=0
V=0
V=0
V=0
V=0
V=0
V=0
V=0
0,601,1226400697,252,1,-63,0,1,1,0000000000000000,0,12660
0,455,1226400694,505,1,-60,0,1,1,0000000000000000,0,12661
V=0
V=0
V=0
0,601,1226400699,752,1,-59,0,1,1,0000000000000000,0,12662
V=0
V=0
V=0
0,20180810,1226400708,253,1,-59,0,1,1,0000000000000000,0,12663
0,560,1226400707,752,1,-65,0,1,1,0000000000000000,0,12664
V=0
V=0
V=0
0,20180810,1226400711,9,1,-52,0,1,1,0000000000000000,0,12665
V=0
V=0
0,430,1226400716,755,1,-55,0,1,1,0000000000000000,0,12666
V=0
V=0
V=0
V=0
0,545,1226400721,498,1,-65,0,1,1,0000000000000000,0,12667
0,468,1226400725,718,1,-59,0,1,1,0000000000000000,0,12668
V=0
0,20180242,1226400726,7,1,-58,0,1,1,0000000000000000,0,12669
V=0
V=0
V=0
V=0
0,20181027,1226400735,475,1,-53,0,1,1,0000000000000000,0,12670
0,20187353,1226400736,13,1,-56,0,1,1,0000000000000000,0,12671
V=0
V=0
V=0
0,548,1226400742,255,1,-54,0,1,1,0000000000000000,0,12672
V=0
V=0
V=0
0,20181412,1226400747,758,1,-52,0,1,1,0000000000000000,0,12673
V=0
V=0
V=0
V=0
V=0
V=0
V=0
0,20180171,1226400758,506,1,-63,0,1,1,0000000000000000,0,12674
V=0
V=0
0,20182005,1226400765,4,1,-61,0,1,1,0000000000000000,0,12675
V=0
0,20184001,1226400768,509,1,-57,0,1,1,0000000000000000,0,12676
V=0
V=0
V=0
V=0
0,20182711,1226400774,759,1,-56,0,1,1,0000000000000000,0,12677
V=0
V=0
V=0
V=0
0,3717167,1226400780,1,1,-60,0,1,1,0000000000000000,0,12678
V=0
0,515,1226400785,509,1,-58,0,1,1,0000000000000000,0,12679
V=0
V=0
0,20181015,1226400785,268,1,-60,0,1,1,0000000000000000,0,12680
V=0
V=0
V=0
0,484,1226400795,731,1,-55,0,1,1,0000000000000000,0,12681
0,665,1226400796,514,1,-53,0,1,1,0000000000000000,0,12682
V=0
0,501,1226400797,256,1,-52,0,1,1,0000000000000000,0,12683
V=0
V=0
V=0
0,424,1226400801,759,1,-62,0,1,1,0000000000000000,0,12684
V=0
V=0
V=0
0,632,1226400810,766,1,-59,0,1,1,0000000000000000,0,12685
V=0
0,561,1226400811,520,1,-56,0,1,1,0000000000000000,0,12686
V=0
V=0
0,20182980,1226400816,507,1,-55,0,1,1,0000000000000000,0,12687
V=0
V=0
0,20181070,1226400818,761,1,-54,0,1,1,0000000000000000,0,12688
V=0
V=0
0,660,1226400828,259,1,-58,0,1,1,0000000000000000,0,12689
0,20180511,1226400821,775,1,-65,0,1,1,0000000000000000,0,12690
V=0
0,659,1226400828,180,1,-63,0,1,1,0000000000000000,0,12691
0,457,1226400824,208,1,-59,0,1,1,0000000000000000,0,12692
0,513,1226400824,468,1,-55,0,1,1,0000000000000000,0,12693
V=0
0,20180902,1226400826,199,1,-58,0,1,1,0000000000000000,0,12694
V=0
0,20181517,1226400828,490,1,-57,0,1,1,0000000000000000,0,12695
V=0
0,660,1226400829,723,1,-50,0,1,1,0000000000000000,0,12696
0,659,1226400829,266,1,-59,0,1,1,0000000000000000,0,12697
V=0
0,454,1226400830,508,1,-58,0,1,1,0000000000000000,0,12698
V=0
V=0
V=0
V=0
V=0
V=0
V=0
V=0
V=0
V=0
0,20181071,1226400853,285,1,-57,0,1,1,0000000000000000,0,12699
V=0
V=0
V=0
V=0
0,503,1226400861,7,1,-61,0,1,1,0000000000000000,0,12700
V=0
V=0
V=0
0,537,1226400866,14,1,-67,0,1,1,0000000000000000,0,12701
V=0
0,20181576,1226400870,227,1,-49,0,1,1,0000000000000000,0,12702
0,20180093,1226400869,266,1,-53,0,1,1,0000000000000000,0,12703
0,20180001,1226400867,771,1,-58,0,1,1,0000000000000000,0,12704
0,673,1226400868,513,1,-59,0,1,1,0000000000000000,0,12705
V=0
0,443,1226400871,264,1,-57,0,1,1,0000000000000000,0,12706
V=0
0,462,1226400872,264,1,-54,0,1,1,0000000000000000,0,12707
V=0
0,20181408,1226400875,12,1,-59,0,1,1,0000000000000000,0,12708
V=0
0,538,1226400876,964,1,-58,0,1,1,0000000000000000,0,12709
0,578,1226400880,764,1,-65,0,1,1,0000000000000000,0,12710
V=0
0,20180032,1226400879,18,1,-58,0,1,1,0000000000000000,0,12711
0,20180815,1226400879,513,1,-62,0,1,1,0000000000000000,0,12712
V=0
0,20182012,1226400882,767,1,-56,0,1,1,0000000000000000,0,12713
V=0
0,20188687,1226400886,726,1,-56,0,1,1,0000000000000000,0,12714
V=0
0,578,1226400887,23,1,-56,0,1,1,0000000000000000,0,12715
V=0
V=0
V=0
0,530,1226400887,772,1,-59,0,1,1,0000000000000000,0,12716
0,20188687,1226400894,701,1,-45,0,1,1,0000000000000000,0,12717
V=0
0,431,1226400892,737,1,-59,0,1,1,0000000000000000,0,12718
V=0
0,20180767,1226400894,703,1,-63,0,1,1,0000000000000000,0,12719
0,426,1226400893,989,1,-62,0,1,1,0000000000000000,0,12720
0,554,1226400895,2,1,-56,0,1,1,0000000000000000,0,12721
V=0
V=0
0,20188687,1226400896,13,1,-53,0,1,1,0000000000000000,0,12722
V=0
0,3717167,1226400898,257,1,-66,0,1,1,0000000000000000,0,12723
V=0
V=0
0,20180003,1226400904,16,1,-53,0,1,1,0000000000000000,0,12724
0,20188687,1226400904,518,1,-63,0,1,1,0000000000000000,0,12725
V=0
V=0
V=0
V=0
0,495,1226400915,514,1,-54,0,1,1,0000000000000000,0,12726
V=0
V=0
V=0
V=0
0,415,1226400923,24,1,-50,0,1,1,0000000000000000,0,12727
V=0
0,422,1226400923,20,1,-59,0,1,1,0000000000000000,0,12728
V=0
V=0
V=0
0,450,1226400929,761,1,-59,0,1,1,0000000000000000,0,12729
V=0
V=0
V=0
V=0
V=0
V=0
V=0
0,423,1226400943,264,1,-54,0,1,1,0000000000000000,0,12730
V=0
V=0
0,3876,1226400943,516,1,-67,0,1,1,0000000000000000,0,12731
V=0
0,20180888,1226400949,257,1,-61,0,1,1,0000000000000000,0,12732
0,433,1226400949,233,1,-56,0,1,1,0000000000000000,0,12733
V=0
0,446,1226400949,767,1,-58,0,1,1,0000000000000000,0,12734
V=0
V=0
V=0
0,519,1226400957,12,1,-60,0,1,1,0000000000000000,0,12735
V=0
V=0
V=0
V=0
0,520,1226400963,19,1,-56,0,1,1,0000000000000000,0,12736
0,635,1226400965,24,1,-50,0,1,1,0000000000000000,0,12737
0,460,1226400967,772,1,-62,0,1,1,0000000000000000,0,12738
V=0
0,586,1226400970,769,1,-60,0,1,1,0000000000000000,0,12739
V=0
V=0
0,461,1226400970,768,1,-58,0,1,1,0000000000000000,0,12740
V=0
V=0
0,586,1226400972,267,1,-54,0,1,1,0000000000000000,0,12741
0,20181127,1226400975,517,1,-55,0,1,1,0000000000000000,0,12742
V=0
V=0
V=0
V=0
V=0
V=0
V=0
V=0
0,20160500,1226400994,519,1,-57,0,1,1,0000000000000000,0,12743
V=0
V=0
0,550,1226400993,770,1,-63,0,1,1,0000000000000000,0,12744
V=0
0,20160500,1226400995,799,1,-57,0,1,1,0000000000000000,0,12745
0,20181905,1226400998,267,1,-53,0,1,1,0000000000000000,0,12746
V=0
V=0
V=0
V=0
V=0
V=0
V=0
V=0
V=0
V=0
V=0
0,878751,1226401017,14,1,-55,0,1,1,0000000000000000,0,12747
V=0
V=0
0,421,1226401023,520,1,-59,0,1,1,0000000000000000,0,12748
V=0
0,526,1226401023,22,1,-61,0,1,1,0000000000000000,0,12749
0,588,1226401030,24,1,-60,0,1,1,0000000000000000,0,12750
V=0
0,590,1226401029,739,1,-60,0,1,1,0000000000000000,0,12751
V=0
V=0
V=0
0,588,1226401032,981,1,-49,0,1,1,0000000000000000,0,12752
0,657,1226401030,532,1,-62,0,1,1,0000000000000000,0,12753
V=0
0,590,1226401032,239,1,-54,0,1,1,0000000000000000,0,12754
V=0
0,583,1226401039,771,1,-63,0,1,1,0000000000000000,0,12755
V=0
V=0
V=0
V=0
0,583,1226401042,522,1,-61,0,1,1,0000000000000000,0,12756
V=0
V=0
V=0
0,447,1226401051,21,1,-60,0,1,1,0000000000000000,0,12757
V=0
0,420,1226401050,773,1,-62,0,1,1,0000000000000000,0,12758
V=0
V=0
0,20180121,1226401057,25,1,-58,0,1,1,0000000000000000,0,12759
0,484,1226401060,768,1,-63,0,1,1,0000000000000000,0,12760
0,491,1226401057,776,1,-58,0,1,1,0000000000000000,0,12761
V=0
V=0
V=0
0,484,1226401065,23,1,-60,0,1,1,0000000000000000,0,12762
V=0
0,438,1226401064,270,1,-57,0,1,1,0000000000000000,0,12763
V=0
0,518,1226401065,261,1,-61,0,1,1,0000000000000000,0,12764
V=0
V=0
V=0
V=0
V=0
V=0
V=0
0,20181983,1226401080,517,1,-59,0,1,1,0000000000000000,0,12765
V=0
V=0
V=0
V=0
V=0
V=0
0,428,1226401094,524,1,-58,0,1,1,0000000000000000,0,12766
V=0
V=0
V=0
V=0
V=0
V=0
0,478,1226401106,768,1,-58,0,1,1,0000000000000000,0,12767
V=0
V=0
V=0
V=0
V=0
V=0
V=0
V=0
V=0
V=0
V=0
V=0
0,505,1226401130,24,1,-55,0,1,1,0000000000000000,0,12768
V=0
0,598,1226401133,270,1,-64,0,1,1,0000000000000000,0,12769
V=0
V=0
V=0
V=0
0,598,1226401138,275,1,-61,0,1,1,0000000000000000,0,12770
V=0
0,516,1226401142,779,1,-58,0,1,1,0000000000000000,0,12771
V=0
V=0
V=0
V=0
0,20180077,1226401148,771,1,-55,0,1,1,0000000000000000,0,12772
V=0
V=0
V=0
V=0
V=0
V=0
V=0
V=0
V=0
V=0
V=0
V=0
V=0
V=0
V=0
0,20160488,1226401179,277,1,-60,0,1,1,0000000000000000,0,12773
V=0
V=0
V=0
0,498,1226401186,529,1,-59,0,1,1,0000000000000000,0,12774
V=0
V=0
V=0
V=0
0,472,1226401192,527,1,-56,0,1,1,0000000000000000,0,12775
0,20180027,1226401193,523,1,-59,0,1,1,0000000000000000,0,12776
V=0
0,20180266,1226401195,778,1,-61,0,1,1,0000000000000000,0,12777
0,476,1226401197,776,1,-54,0,1,1,0000000000000000,0,12778
V=0
V=0
V=0
V=0
V=0
0,534,1226401204,774,1,-60,0,1,1,0000000000000000,0,12779
V=0
0,613,1226401207,490,1,-60,0,1,1,0000000000000000,0,12780
0,832510,1226401205,774,1,-43,0,1,1,0000000000000000,0,12781
V=0
0,20182409,1226401208,783,1,-53,0,1,1,0000000000000000,0,12782
V=0
V=0
V=0
0,832510,1226401212,782,1,-63,0,1,1,0000000000000000,0,12783
V=0
V=0
V=0
V=0
0,20180046,1226401221,277,1,-55,0,1,1,0000000000000000,0,12784
V=0
V=0
0,20180908,1226401229,787,1,-57,0,1,1,0000000000000000,0,12785
0,440,1226401229,788,1,-56,0,1,1,0000000000000000,0,12786
V=0
V=0
0,458,1226401233,780,1,-54,0,1,1,0000000000000000,0,12787
V=0
0,20181005,1226401232,31,1,-58,0,1,1,0000000000000000,0,12788
V=0
V=0
V=0
0,620,1226401239,778,1,-57,0,1,1,0000000000000000,0,12789
V=0
V=0
V=0
V=0
V=0
V=0
0,20181980,1226401250,782,1,-58,0,1,1,0000000000000000,0,12790
0,20181887,1226401251,282,1,-57,0,1,1,0000000000000000,0,12791
V=0
0,482,1226401253,531,1,-58,0,1,1,0000000000000000,0,12792
V=0
V=0
V=0
V=0
V=0
V=0
V=0
V=0
V=0
V=0
0,475,1226401273,782,1,-60,0,1,1,0000000000000000,0,12793
V=0
0,532,1226401279,32,1,-51,0,1,1,0000000000000000,0,12794
V=0
V=0
V=0
V=0
V=0
V=0
V=0
V=0
V=0
V=0
V=0
V=0
0,20182504,1226401300,283,1,-55,0,1,1,0000000000000000,0,12795
V=0
V=0
V=0
V=0
V=0
V=0
V=0
0,441,1226401315,785,1,-57,0,1,1,0000000000000000,0,12796
V=0
0,20180007,1226401315,39,1,-55,0,1,1,0000000000000000,0,12797
V=0
V=0
V=0
V=0
V=0
V=0
V=0
V=0
V=0
V=0
V=0
V=0
V=0
V=0
V=0
V=0
V=0
0,557,1226401347,782,1,-56,0,1,1,0000000000000000,0,12798
V=0
V=0
V=0
V=0
V=0
V=0
V=0
V=0
0,675,1226401365,782,1,-62,0,1,1,0000000000000000,0,12799
V=0
V=0
V=0
V=0
V=0
V=0
V=0
V=0
V=0
V=0
V=0
V=0
0,569,1226401390,38,1,-56,0,1,1,0000000000000000,0,12800
V=0
V=0
V=0
V=0
V=0
V=0
V=0
V=0
V=0
V=0
0,20180166,1226401410,537,1,-53,0,1,1,0000000000000000,0,12801
V=0
V=0
V=0
0,20180972,1226401413,783,1,-62,0,1,1,0000000000000000,0,12802
V=0
0,20181362,1226401416,784,1,-57,0,1,1,0000000000000000,0,12803
V=0
0,20181707,1226401419,288,1,-57,0,1,1,0000000000000000,0,12804
V=0
0,20180040,1226401422,534,1,-57,0,1,1,0000000000000000,0,12805
V=0
V=0
V=0
V=0
V=0
V=0
V=0
V=0
0,618,1226401436,789,1,-62,0,1,1,0000000000000000,0,12806
0,539,1226401437,288,1,-60,0,1,1,0000000000000000,0,12807
V=0
V=0
0,556,1226401441,37,1,-58,0,1,1,0000000000000000,0,12808
V=0
0,568,1226401442,538,1,-63,0,1,1,0000000000000000,0,12809
V=0
V=0
V=0
V=0
V=0
V=0
V=0
V=0
V=0
V=0
V=0
V=0
V=0
V=0
V=0
V=0
V=0
V=0
V=0
V=0
V=0
0,20182209,1226401487,542,1,-53,0,1,1,0000000000000000,0,12810
V=0
V=0
V=0
V=0
V=0
V=0
0,562,1226401497,81,1,-59,0,1,1,0000000000000000,0,12811
V=0
V=0
V=0
V=0
V=0
V=0
0,20160656,1226401510,289,1,-58,0,1,1,0000000000000000,0,12812
V=0
V=0
V=0
V=0
V=0
0,558,1226401518,39,1,-61,0,1,1,0000000000000000,0,12813
V=0
V=0
V=0
V=0
V=0
V=0
0,20181806,1226401528,300,1,-61,0,1,1,0000000000000000,0,12814
0,20181171,1226401529,46,1,-46,0,1,1,0000000000000000,0,12815
V=0
0,419,1226401532,791,1,-62,0,1,1,0000000000000000,0,12816
V=0
0,20182408,1226401535,557,1,-57,0,1,1,0000000000000000,0,12817
V=0
0,20182304,1226401540,44,1,-51,0,1,1,0000000000000000,0,12818
V=0
0,20160509,1226401542,789,1,-59,0,1,1,0000000000000000,0,12819
V=0
0,20181102,1226401538,545,1,-63,0,1,1,0000000000000000,0,12820
V=0
V=0
V=0
V=0
0,20181506,1226401550,292,1,-56,0,1,1,0000000000000000,0,12821
V=0
V=0
V=0
V=0
V=0
V=0
V=0
V=0
V=0
V=0
V=0
V=0
V=0
0,20182603,1226401576,545,1,-52,0,1,1,0000000000000000,0,12822
V=0
V=0
V=0
V=0
V=0
V=0
V=0
V=0
V=0
0,20182705,1226401594,293,1,-54,0,1,1,0000000000000000,0,12823
V=0
V=0
V=0
V=0
V=0
0,20182807,1226401601,295,1,-52,0,1,1,0000000000000000,0,12824
V=0
V=0
V=0
0,20182807,1226401608,40,1,-66,0,1,1,0000000000000000,0,12825
V=0
V=0
V=0
V=0
V=0
V=0
V=0
V=0
V=0
V=0
V=0
V=0
V=0
V=0
0,617,1226401637,49,1,-54,0,1,1,0000000000000000,0,12826
V=0
0,626,1226401636,553,1,-62,0,1,1,0000000000000000,0,12827
V=0
V=0
V=0
V=0
V=0
V=0
0,20160432,1226401654,54,1,-53,0,1,1,0000000000000000,0,12828
V=0
V=0
0,553,1226401653,799,1,-63,0,1,1,0000000000000000,0,12829
V=0
V=0
V=0
V=0
V=0
V=0
V=0
V=0
V=0
V=0
V=0
V=0
V=0
0,20180196,1226401683,763,1,-63,0,1,1,0000000000000000,0,12830
V=0
0,536,1226401683,768,1,-57,0,1,1,0000000000000000,0,12831
V=0
0,20185555,1226401686,49,1,-57,0,1,1,0000000000000000,0,12832
V=0
V=0
V=0
V=0
V=0
V=0
V=0
V=0
0,564,1226401700,300,1,-58,0,1,1,0000000000000000,0,12833
0,20160502,1226401702,552,1,-61,0,1,1,0000000000000000,0,12834
V=0
V=0
V=0
V=0
V=0
V=0
V=0
V=0
V=0
V=0
V=0
V=0
V=0
V=0
V=0
V=0
V=0
V=0
V=0
V=0
V=0
V=0
V=0
V=0
V=0
0,533,1226401753,809,1,-53,0,1,1,0000000000000000,0,12835
0,514,1226401754,284,1,-52,0,1,1,0000000000000000,0,12836
V=0
V=0
0,20182806,1226401755,557,1,-55,0,1,1,0000000000000000,0,12837
V=0
V=0
V=0
V=0
V=0
V=0
V=0
V=0
V=0
V=0
V=0
V=0
V=0
V=0
V=0
V=0
0,540,1226401787,52,1,-58,0,1,1,0000000000000000,0,12838
V=0
V=0
V=0
V=0
V=0
V=0
V=0
V=0
V=0
V=0
0,20180309,1226401808,306,1,-59,0,1,1,0000000000000000,0,12839
V=0
V=0
V=0
V=0
V=0
V=0
V=0
V=0
V=0
V=0
V=0
0,634,1226401832,307,1,-58,0,1,1,0000000000000000,0,12840
V=0
V=0
V=0
V=0
V=0
V=0
V=0
V=0
V=0
V=0
V=0
V=0
V=0
V=0
V=0
V=0
V=0
V=0
V=0
V=0
V=0
0,20180213,1226401871,559,1,-52,0,1,1,0000000000000000,0,12841
V=0
V=0
V=0
V=0
V=0
V=0
V=0
0,20181711,1226401888,57,1,-50,0,1,1,0000000000000000,0,12842
V=0
V=0
V=0
V=0
V=0
V=0
0,543,1226401896,559,1,-61,0,1,1,0000000000000000,0,12843
V=0
V=0
V=0
V=0
V=0
V=0
V=0
V=0
V=0
V=0
V=0
V=0
0,20180001,1226401920,60,1,-58,0,1,1,0000000000000000,0,12844
V=0
V=0
V=0
V=0
V=0
V=0
V=0
V=0
V=0
V=0
V=0
0,571,1226401944,558,1,-56,0,1,1,0000000000000000,0,12845
V=0
V=0
V=0
V=0
V=0
V=0
V=0
V=0
V=0
V=0
V=0
V=0
V=0
V=0
V=0
V=0
V=0
V=0
V=0
V=0
V=0
V=0
V=0
V=0
V=0
V=0
V=0
V=0
V=0
V=0
V=0
V=0
V=0
V=0
V=0
V=0
V=0
V=0
V=0
0,499,1226402022,560,1,-61,0,1,1,0000000000000000,0,12846
V=0
0,567,1226402023,564,1,-58,0,1,1,0000000000000000,0,12847
V=0
V=0
V=0
V=0
V=0
V=0
V=0
0,20181008,1226402037,813,1,-58,0,1,1,0000000000000000,0,12848
V=0
V=0
V=0
V=0
V=0
V=0
V=0
V=0
0,20181212,1226402052,572,1,-59,0,1,1,0000000000000000,0,12849
V=0
0,541,1226402056,569,1,-57,0,1,1,0000000000000000,0,12850
V=0
V=0
V=0
0,565,1226402062,822,1,-56,0,1,1,0000000000000000,0,12851
V=0
V=0
V=0
V=0
V=0
0,551,1226402070,822,1,-61,0,1,1,0000000000000000,0,12852
V=0
V=0
V=0
V=0
V=0
V=0
V=0
V=0
V=0
V=0
V=0
V=0
V=0
V=0
V=0
V=0
V=0
V=0
V=0
V=0
V=0
V=0
0,20185388,1226402116,569,1,-52,0,1,1,0000000000000000,0,12853
V=0
V=0
V=0
V=0
V=0
V=0
0,570,1226402127,819,1,-62,0,1,1,0000000000000000,0,12854
V=0
V=0
V=0
0,552,1226402132,820,1,-62,0,1,1,0000000000000000,0,12855
V=0
V=0
V=0
V=0
V=0
V=0
V=0
V=0
0,20180080,1226402151,576,1,-56,0,1,1,0000000000000000,0,12856
V=0
0,682,1226402154,71,1,-50,0,1,1,0000000000000000,0,12857
V=0
V=0
V=0
V=0
V=0
V=0
V=0
V=0
V=0
V=0
V=0
V=0
V=0
V=0
0,430,1226402180,328,1,-56,0,1,1,0000000000000000,0,12858
V=0
V=0
V=0
V=0
V=0
V=0
V=0
V=0
V=0
V=0
V=0
0,20160546,1226402204,572,1,-54,0,1,1,0000000000000000,0,12859
V=0
V=0
V=0
V=0
V=0
V=0
V=0
V=0
V=0
V=0
V=0
V=0
V=0
V=0
V=0
V=0
V=0
V=0
V=0
V=0
V=0
V=0
V=0
V=0
V=0
V=0
V=0
V=0
V=0
V=0
V=0
V=0
V=0
V=0
V=0
V=0
V=0
V=0
V=0
V=0
V=0
V=0
V=0
V=0
V=0
0,542,1226402291,837,1,-59,0,1,1,0000000000000000,0,12860
V=0
V=0
V=0
V=0
0,560,1226402299,832,1,-57,0,1,1,0000000000000000,0,12861
V=0
V=0
V=0
V=0
V=0
V=0
V=0
0,20161103,1226402316,585,1,-53,0,1,1,0000000000000000,0,12862
0,563,1226402316,555,1,-57,0,1,1,0000000000000000,0,12863
V=0
V=0
V=0
0,548,1226402321,330,1,-55,0,1,1,0000000000000000,0,12864
V=0
V=0
V=0
V=0
V=0
V=0
V=0
V=0
V=0
V=0
V=0
V=0
V=0
0,20182005,1226402347,327,1,-61,0,1,1,0000000000000000,0,12865
V=0
V=0
V=0
V=0
V=0
V=0
V=0
V=0
V=0
V=0
V=0
V=0
V=0
0,20181027,1226402373,836,1,-53,0,1,1,0000000000000000,0,12866
V=0
V=0
V=0
V=0
V=0
V=0
V=0
V=0
V=0
V=0
V=0
V=0
V=0
V=0
V=0
V=0
V=0
V=0
V=0
V=0
V=0
V=0
V=0
0,434,1226402421,335,1,-57,0,1,1,0000000000000000,0,12867
V=0
V=0
V=0
V=0
V=0
V=0
V=0
V=0
0,561,1226402438,336,1,-56,0,1,1,0000000000000000,0,12868
V=0
V=0
V=0
V=0
V=0
V=0
V=0
V=0
0,545,1226402448,587,1,-64,0,1,1,0000000000000000,0,12869
V=0
V=0
V=0
V=0
V=0
V=0
V=0
0,20180511,1226402465,87,1,-55,0,1,1,0000000000000000,0,12870
V=0
0,20180077,1226402468,847,1,-52,0,1,1,0000000000000000,0,12871
V=0
0,20180001,1226402468,846,1,-53,0,1,1,0000000000000000,0,12872
V=0
V=0
V=0
V=0
0,20187353,1226402476,342,1,-57,0,1,1,0000000000000000,0,12873
V=0
V=0
V=0
V=0
V=0
V=0
V=0
V=0
V=0
V=0
V=0
V=0
V=0
V=0
V=0
V=0
V=0
V=0
0,20181071,1226402511,835,1,-57,0,1,1,0000000000000000,0,12874
V=0
V=0
V=0
V=0
V=0
V=0
V=0
V=0
V=0
V=0
0,20181408,1226402532,340,1,-59,0,1,1,0000000000000000,0,12875
V=0
V=0
V=0
V=0
0,20180767,1226402541,312,1,-59,0,1,1,0000000000000000,0,12876
0,554,1226402541,839,1,-61,0,1,1,0000000000000000,0,12877
V=0
V=0
V=0
V=0
V=0
V=0
V=0
V=0
V=0
V=0
V=0
V=0
V=0
V=0
V=0
V=0
V=0
V=0
0,20180077,1226402574,85,1,-66,0,1,1,0000000000000000,0,12878
V=0
V=0
V=0
V=0
V=0
0,20181576,1226402588,89,1,-55,0,1,1,0000000000000000,0,12879
V=0
V=0
V=0
V=0
0,538,1226402594,836,1,-62,0,1,1,0000000000000000,0,12880
V=0
V=0
0,20180121,1226402601,595,1,-51,0,1,1,0000000000000000,0,12881
V=0
0,537,1226402602,100,1,-54,0,1,1,0000000000000000,0,12882
0,73,1226402602,55,1,-62,0,1,1,0000000000000000,0,12883
V=0
V=0
V=0
V=0
0,73,1226402609,342,1,-64,0,1,1,0000000000000000,0,12884
V=0
V=0
V=0
V=0
V=0
V=0
V=0
V=0
V=0
V=0
V=0
V=0
V=0
V=0
V=0
V=0
V=0
V=0
V=0
V=0
V=0
V=0
V=0
V=0
V=0
V=0
V=0
V=0
V=0
V=0
V=0
V=0
V=0
V=0
V=0
V=0
V=0
V=0
V=0
V=0
V=0
V=0
V=0
V=0
V=0
V=0
V=0
V=0
V=0
V=0
V=0
V=0
V=0
V=0
V=0
V=0
V=0
V=0
V=0
V=0
V=0
V=0
V=0
V=0
V=0
V=0
V=0
V=0
V=0
V=0
V=0
V=0
V=0
V=0
V=0
V=0
V=0
V=0
V=0
V=0
V=0
V=0
V=0
V=0
V=0
V=0
V=0
V=0
V=0
V=0
V=0
V=0
V=0
V=0
V=0
V=0
V=0
V=0
V=0
V=0
V=0
V=0
V=0
V=0
0,611,1226402820,857,1,-49,0,1,1,0000000000000000,0,12885
V=0
V=0
V=0
V=0
V=0
V=0
V=0
V=0
V=0
V=0
V=0
V=0
V=0
V=0
V=0
V=0
V=0
V=0
V=0
V=0
V=0
V=0
V=0
V=0
V=0
V=0
V=0
V=0
V=0
V=0
V=0
V=0
V=0
V=0
V=0
V=0
V=0
V=0
V=0
V=0
V=0
V=0
V=0
V=0
V=0
V=0
V=0
V=0
V=0
V=0
V=0
V=0
V=0
V=0
V=0
V=0
V=0
V=0
V=0
V=0
V=0
V=0
V=0
V=0
0,20182105,1226402943,864,1,-61,0,1,1,0000000000000000,0,12886
0,20182408,1226402944,112,1,-55,0,1,1,0000000000000000,0,12887
V=0
V=0
V=0
0,20180266,1226402950,107,1,-60,0,1,1,0000000000000000,0,12888
V=0
0,20182409,1226402952,609,1,-57,0,1,1,0000000000000000,0,12889
V=0
V=0
V=0
V=0
V=0
V=0
V=0
V=0
V=0
V=0
V=0
V=0
V=0
V=0
V=0
0,613,1226402982,611,1,-57,0,1,1,0000000000000000,0,12890
V=0
V=0
V=0
V=0
V=0
V=0
V=0
V=0
V=0
V=0
V=0
V=0
V=0
V=0
V=0
V=0
V=0
V=0
V=0
V=0
V=0
V=0
V=0
V=0
V=0
V=0
V=0
V=0
V=0
V=0
V=0
V=0
V=0
V=0
V=0
V=0
V=0
V=0
V=0
V=0
V=0
V=0
V=0
V=0
V=0
V=0
V=0
V=0
V=0
V=0
V=0
V=0
V=0
V=0
V=0
V=0
V=0
V=0
V=0
V=0
V=0
V=0
V=0
V=0
V=0
V=0
V=0
V=0
V=0
V=0
V=0
V=0
V=0
V=0
V=0
V=0
V=0
V=0
V=0
V=0
V=0
V=0
V=0
V=0
V=0
V=0
V=0
V=0
V=0
V=0
V=0
V=0
V=0
V=0
V=0
V=0
V=0
V=0
V=0
V=0
V=0
V=0
V=0
V=0
V=0
V=0
V=0
V=0
V=0
V=0
V=0
V=0
V=0
V=0
V=0
V=0
V=0
V=0
V=0
V=0
V=0
V=0
V=0
V=0
V=0
V=0
V=0
V=0
V=0
V=0
V=0
V=0
V=0
V=0
V=0
V=0
V=0
V=0
V=0
V=0
V=0
V=0
V=0
V=0
V=0
V=0
V=0
V=0
V=0
V=0
V=0
V=0
V=0
V=0
V=0
V=0
V=0
V=0
V=0
V=0
V=0
V=0
V=0
V=0
V=0
V=0
V=0
V=0
V=0
V=0
V=0
V=0
V=0
V=0
V=0
V=0
V=0
V=0
V=0
V=0
V=0
V=0
V=0
V=0
V=0
V=0
V=0
V=0
V=0
V=0
V=0
V=0
V=0
V=0
V=0
V=0
V=0
V=0
V=0
V=0
V=0
V=0
V=0
V=0
V=0
V=0
V=0
V=0
V=0
V=0
V=0
V=0
V=0
V=0
V=0
V=0
V=0
V=0
V=0
V=0
V=0
V=0
V=0
V=0
V=0
V=0
V=0
V=0
V=0
V=0
V=0
V=0
V=0
V=0
V=0
V=0
V=0
V=0
V=0
V=0
V=0
V=0
V=0
V=0
V=0
V=0
V=0
V=0
V=0
V=0
V=0
V=0
V=0
V=0
V=0
V=0
V=0
V=0
V=0
V=0
V=0
V=0
V=0
V=0
V=0
V=0
V=0
V=0
V=0
V=0
V=0
V=0
V=0
V=0
V=0
V=0
V=0
V=0
V=0
V=0
V=0
V=0
V=0
V=0
V=0
V=0
V=0
V=0
V=0
V=0
V=0
V=0
V=0
V=0
V=0
V=0
V=0
V=0
V=0
V=0
V=0
